Analysis & Synthesis report for rzfpga_pc
Thu Apr 21 17:26:15 2022
Quartus Prime Version 21.1.0 Build 842 10/21/2021 SJ Lite Edition


---------------------
; Table of Contents ;
---------------------
  1. Legal Notice
  2. Analysis & Synthesis Summary
  3. Analysis & Synthesis Settings
  4. Parallel Compilation
  5. Analysis & Synthesis Source Files Read
  6. Analysis & Synthesis Resource Usage Summary
  7. Analysis & Synthesis Resource Utilization by Entity
  8. Registers Removed During Synthesis
  9. Removed Registers Triggering Further Register Optimizations
 10. General Register Statistics
 11. Port Connectivity Checks: "register:register_a"
 12. Port Connectivity Checks: "ALUn2t:ALU_instance_main|Add16:add16_alu_a|FullAdder:full_adder_inst_p"
 13. Port Connectivity Checks: "ALUn2t:ALU_instance_main|Add16:add16_alu_a|FullAdder:full_adder_inst_a"
 14. Port Connectivity Checks: "ALUn2t:ALU_instance_main"
 15. Post-Synthesis Netlist Statistics for Top Partition
 16. Elapsed Time Per Partition
 17. Analysis & Synthesis Messages



----------------
; Legal Notice ;
----------------
Copyright (C) 2021  Intel Corporation. All rights reserved.
Your use of Intel Corporation's design tools, logic functions 
and other software and tools, and any partner logic 
functions, and any output files from any of the foregoing 
(including device programming or simulation files), and any 
associated documentation or information are expressly subject 
to the terms and conditions of the Intel Program License 
Subscription Agreement, the Intel Quartus Prime License Agreement,
the Intel FPGA IP License Agreement, or other applicable license
agreement, including, without limitation, that your use is for
the sole purpose of programming logic devices manufactured by
Intel and sold by Intel or its authorized distributors.  Please
refer to the applicable agreement for further details, at
https://fpgasoftware.intel.com/eula.



+----------------------------------------------------------------------------------+
; Analysis & Synthesis Summary                                                     ;
+------------------------------------+---------------------------------------------+
; Analysis & Synthesis Status        ; Successful - Thu Apr 21 17:26:15 2022       ;
; Quartus Prime Version              ; 21.1.0 Build 842 10/21/2021 SJ Lite Edition ;
; Revision Name                      ; rzfpga_pc                                   ;
; Top-level Entity Name              ; rzfpga_pc                                   ;
; Family                             ; Cyclone IV E                                ;
; Total logic elements               ; 94                                          ;
;     Total combinational functions  ; 94                                          ;
;     Dedicated logic registers      ; 59                                          ;
; Total registers                    ; 59                                          ;
; Total pins                         ; 50                                          ;
; Total virtual pins                 ; 0                                           ;
; Total memory bits                  ; 0                                           ;
; Embedded Multiplier 9-bit elements ; 0                                           ;
; Total PLLs                         ; 0                                           ;
+------------------------------------+---------------------------------------------+


+------------------------------------------------------------------------------------------------------------+
; Analysis & Synthesis Settings                                                                              ;
+------------------------------------------------------------------+--------------------+--------------------+
; Option                                                           ; Setting            ; Default Value      ;
+------------------------------------------------------------------+--------------------+--------------------+
; Device                                                           ; EP4CE6E22C8        ;                    ;
; Top-level entity name                                            ; rzfpga_pc          ; rzfpga_pc          ;
; Family name                                                      ; Cyclone IV E       ; Cyclone V          ;
; Use smart compilation                                            ; Off                ; Off                ;
; Enable parallel Assembler and Timing Analyzer during compilation ; On                 ; On                 ;
; Enable compact report table                                      ; Off                ; Off                ;
; Restructure Multiplexers                                         ; Auto               ; Auto               ;
; Create Debugging Nodes for IP Cores                              ; Off                ; Off                ;
; Preserve fewer node names                                        ; On                 ; On                 ;
; Intel FPGA IP Evaluation Mode                                    ; Enable             ; Enable             ;
; Verilog Version                                                  ; Verilog_2001       ; Verilog_2001       ;
; VHDL Version                                                     ; VHDL_1993          ; VHDL_1993          ;
; State Machine Processing                                         ; Auto               ; Auto               ;
; Safe State Machine                                               ; Off                ; Off                ;
; Extract Verilog State Machines                                   ; On                 ; On                 ;
; Extract VHDL State Machines                                      ; On                 ; On                 ;
; Ignore Verilog initial constructs                                ; Off                ; Off                ;
; Iteration limit for constant Verilog loops                       ; 5000               ; 5000               ;
; Iteration limit for non-constant Verilog loops                   ; 250                ; 250                ;
; Add Pass-Through Logic to Inferred RAMs                          ; On                 ; On                 ;
; Infer RAMs from Raw Logic                                        ; On                 ; On                 ;
; Parallel Synthesis                                               ; On                 ; On                 ;
; DSP Block Balancing                                              ; Auto               ; Auto               ;
; NOT Gate Push-Back                                               ; On                 ; On                 ;
; Power-Up Don't Care                                              ; On                 ; On                 ;
; Remove Redundant Logic Cells                                     ; Off                ; Off                ;
; Remove Duplicate Registers                                       ; On                 ; On                 ;
; Ignore CARRY Buffers                                             ; Off                ; Off                ;
; Ignore CASCADE Buffers                                           ; Off                ; Off                ;
; Ignore GLOBAL Buffers                                            ; Off                ; Off                ;
; Ignore ROW GLOBAL Buffers                                        ; Off                ; Off                ;
; Ignore LCELL Buffers                                             ; Off                ; Off                ;
; Ignore SOFT Buffers                                              ; On                 ; On                 ;
; Limit AHDL Integers to 32 Bits                                   ; Off                ; Off                ;
; Optimization Technique                                           ; Balanced           ; Balanced           ;
; Carry Chain Length                                               ; 70                 ; 70                 ;
; Auto Carry Chains                                                ; On                 ; On                 ;
; Auto Open-Drain Pins                                             ; On                 ; On                 ;
; Perform WYSIWYG Primitive Resynthesis                            ; Off                ; Off                ;
; Auto ROM Replacement                                             ; On                 ; On                 ;
; Auto RAM Replacement                                             ; On                 ; On                 ;
; Auto DSP Block Replacement                                       ; On                 ; On                 ;
; Auto Shift Register Replacement                                  ; Auto               ; Auto               ;
; Allow Shift Register Merging across Hierarchies                  ; Auto               ; Auto               ;
; Auto Clock Enable Replacement                                    ; On                 ; On                 ;
; Strict RAM Replacement                                           ; Off                ; Off                ;
; Allow Synchronous Control Signals                                ; On                 ; On                 ;
; Force Use of Synchronous Clear Signals                           ; Off                ; Off                ;
; Auto RAM Block Balancing                                         ; On                 ; On                 ;
; Auto RAM to Logic Cell Conversion                                ; Off                ; Off                ;
; Auto Resource Sharing                                            ; Off                ; Off                ;
; Allow Any RAM Size For Recognition                               ; Off                ; Off                ;
; Allow Any ROM Size For Recognition                               ; Off                ; Off                ;
; Allow Any Shift Register Size For Recognition                    ; Off                ; Off                ;
; Use LogicLock Constraints during Resource Balancing              ; On                 ; On                 ;
; Ignore translate_off and synthesis_off directives                ; Off                ; Off                ;
; Timing-Driven Synthesis                                          ; On                 ; On                 ;
; Report Parameter Settings                                        ; On                 ; On                 ;
; Report Source Assignments                                        ; On                 ; On                 ;
; Report Connectivity Checks                                       ; On                 ; On                 ;
; Ignore Maximum Fan-Out Assignments                               ; Off                ; Off                ;
; Synchronization Register Chain Length                            ; 2                  ; 2                  ;
; Power Optimization During Synthesis                              ; Normal compilation ; Normal compilation ;
; HDL message level                                                ; Level2             ; Level2             ;
; Suppress Register Optimization Related Messages                  ; Off                ; Off                ;
; Number of Removed Registers Reported in Synthesis Report         ; 5000               ; 5000               ;
; Number of Swept Nodes Reported in Synthesis Report               ; 5000               ; 5000               ;
; Number of Inverted Registers Reported in Synthesis Report        ; 100                ; 100                ;
; Clock MUX Protection                                             ; On                 ; On                 ;
; Auto Gated Clock Conversion                                      ; Off                ; Off                ;
; Block Design Naming                                              ; Auto               ; Auto               ;
; SDC constraint protection                                        ; Off                ; Off                ;
; Synthesis Effort                                                 ; Auto               ; Auto               ;
; Shift Register Replacement - Allow Asynchronous Clear Signal     ; On                 ; On                 ;
; Pre-Mapping Resynthesis Optimization                             ; Off                ; Off                ;
; Analysis & Synthesis Message Level                               ; Medium             ; Medium             ;
; Disable Register Merging Across Hierarchies                      ; Auto               ; Auto               ;
; Resource Aware Inference For Block RAM                           ; On                 ; On                 ;
+------------------------------------------------------------------+--------------------+--------------------+


+------------------------------------------+
; Parallel Compilation                     ;
+----------------------------+-------------+
; Processors                 ; Number      ;
+----------------------------+-------------+
; Number detected on machine ; 8           ;
; Maximum allowed            ; 4           ;
;                            ;             ;
; Average used               ; 1.00        ;
; Maximum used               ; 4           ;
;                            ;             ;
; Usage by Processor         ; % Time Used ;
;     Processor 1            ; 100.0%      ;
;     Processors 2-4         ;   0.0%      ;
+----------------------------+-------------+


+------------------------------------------------------------------------------------------------------------------------------------------------------------------------+
; Analysis & Synthesis Source Files Read                                                                                                                                 ;
+----------------------------------+-----------------+------------------------+--------------------------------------------------------------------------------+---------+
; File Name with User-Entered Path ; Used in Netlist ; File Type              ; File Name with Absolute Path                                                   ; Library ;
+----------------------------------+-----------------+------------------------+--------------------------------------------------------------------------------+---------+
; 01/n2tmux.v                      ; yes             ; User Verilog HDL File  ; C:/Users/mjoco/OneDrive/Documents/GitHub/verilog2tetris/01/n2tmux.v            ;         ;
; 01/n2tmux16.v                    ; yes             ; User Verilog HDL File  ; C:/Users/mjoco/OneDrive/Documents/GitHub/verilog2tetris/01/n2tmux16.v          ;         ;
; VGA/hvsync_generator.v           ; yes             ; User Verilog HDL File  ; C:/Users/mjoco/OneDrive/Documents/GitHub/verilog2tetris/VGA/hvsync_generator.v ;         ;
; VGA/clock_divider.v              ; yes             ; User Verilog HDL File  ; C:/Users/mjoco/OneDrive/Documents/GitHub/verilog2tetris/VGA/clock_divider.v    ;         ;
; 02/HalfAdder.v                   ; yes             ; User Verilog HDL File  ; C:/Users/mjoco/OneDrive/Documents/GitHub/verilog2tetris/02/HalfAdder.v         ;         ;
; 02/FullAdder.v                   ; yes             ; User Verilog HDL File  ; C:/Users/mjoco/OneDrive/Documents/GitHub/verilog2tetris/02/FullAdder.v         ;         ;
; 02/Add16.v                       ; yes             ; User Verilog HDL File  ; C:/Users/mjoco/OneDrive/Documents/GitHub/verilog2tetris/02/Add16.v             ;         ;
; 02/ALUn2t.v                      ; yes             ; User Verilog HDL File  ; C:/Users/mjoco/OneDrive/Documents/GitHub/verilog2tetris/02/ALUn2t.v            ;         ;
; rzfpga_pc.v                      ; yes             ; User Verilog HDL File  ; C:/Users/mjoco/OneDrive/Documents/GitHub/verilog2tetris/rzfpga_pc.v            ;         ;
; 03/BRAM/register.v               ; yes             ; User Verilog HDL File  ; C:/Users/mjoco/OneDrive/Documents/GitHub/verilog2tetris/03/BRAM/register.v     ;         ;
+----------------------------------+-----------------+------------------------+--------------------------------------------------------------------------------+---------+


+-----------------------------------------------------------+
; Analysis & Synthesis Resource Usage Summary               ;
+---------------------------------------------+-------------+
; Resource                                    ; Usage       ;
+---------------------------------------------+-------------+
; Estimated Total logic elements              ; 94          ;
;                                             ;             ;
; Total combinational functions               ; 94          ;
; Logic element usage by number of LUT inputs ;             ;
;     -- 4 input functions                    ; 29          ;
;     -- 3 input functions                    ; 4           ;
;     -- <=2 input functions                  ; 61          ;
;                                             ;             ;
; Logic elements by mode                      ;             ;
;     -- normal mode                          ; 45          ;
;     -- arithmetic mode                      ; 49          ;
;                                             ;             ;
; Total registers                             ; 59          ;
;     -- Dedicated logic registers            ; 59          ;
;     -- I/O registers                        ; 0           ;
;                                             ;             ;
; I/O pins                                    ; 50          ;
;                                             ;             ;
; Embedded Multiplier 9-bit elements          ; 0           ;
;                                             ;             ;
; Maximum fan-out node                        ; clk50~input ;
; Maximum fan-out                             ; 34          ;
; Total fan-out                               ; 448         ;
; Average fan-out                             ; 1.67        ;
+---------------------------------------------+-------------+


+--------------------------------------------------------------------------------------------------------------------------------------------------------------------------------------------------------------------------------+
; Analysis & Synthesis Resource Utilization by Entity                                                                                                                                                                            ;
+------------------------------+---------------------+---------------------------+-------------+--------------+---------+-----------+------+--------------+------------------------------------+------------------+--------------+
; Compilation Hierarchy Node   ; Combinational ALUTs ; Dedicated Logic Registers ; Memory Bits ; DSP Elements ; DSP 9x9 ; DSP 18x18 ; Pins ; Virtual Pins ; Full Hierarchy Name                ; Entity Name      ; Library Name ;
+------------------------------+---------------------+---------------------------+-------------+--------------+---------+-----------+------+--------------+------------------------------------+------------------+--------------+
; |rzfpga_pc                   ; 94 (8)              ; 59 (2)                    ; 0           ; 0            ; 0       ; 0         ; 50   ; 0            ; |rzfpga_pc                         ; rzfpga_pc        ; work         ;
;    |clock_divider:wrapper|   ; 44 (44)             ; 33 (33)                   ; 0           ; 0            ; 0       ; 0         ; 0    ; 0            ; |rzfpga_pc|clock_divider:wrapper   ; clock_divider    ; work         ;
;    |hvsync_generator:hvsync| ; 41 (41)             ; 23 (23)                   ; 0           ; 0            ; 0       ; 0         ; 0    ; 0            ; |rzfpga_pc|hvsync_generator:hvsync ; hvsync_generator ; work         ;
;    |register:register_a|     ; 1 (1)               ; 1 (1)                     ; 0           ; 0            ; 0       ; 0         ; 0    ; 0            ; |rzfpga_pc|register:register_a     ; register         ; work         ;
+------------------------------+---------------------+---------------------------+-------------+--------------+---------+-----------+------+--------------+------------------------------------+------------------+--------------+
Note: For table entries with two numbers listed, the numbers in parentheses indicate the number of resources of the given type used by the specific entity alone. The numbers listed outside of parentheses indicate the total resources of the given type used by the specific entity and all of its sub-entities in the hierarchy.


+--------------------------------------------------------------------------------+
; Registers Removed During Synthesis                                             ;
+---------------------------------------+----------------------------------------+
; Register name                         ; Reason for Removal                     ;
+---------------------------------------+----------------------------------------+
; register:register_a|data[2]           ; Stuck at VCC due to stuck port data_in ;
; register:register_a|data[1]           ; Stuck at GND due to stuck port data_in ;
; pixel[1]                              ; Stuck at GND due to stuck port data_in ;
; Total Number of Removed Registers = 3 ;                                        ;
+---------------------------------------+----------------------------------------+


+--------------------------------------------------------------------------------------------------+
; Removed Registers Triggering Further Register Optimizations                                      ;
+-----------------------------+---------------------------+----------------------------------------+
; Register name               ; Reason for Removal        ; Registers Removed due to This Register ;
+-----------------------------+---------------------------+----------------------------------------+
; register:register_a|data[1] ; Stuck at GND              ; pixel[1]                               ;
;                             ; due to stuck port data_in ;                                        ;
+-----------------------------+---------------------------+----------------------------------------+


+------------------------------------------------------+
; General Register Statistics                          ;
+----------------------------------------------+-------+
; Statistic                                    ; Value ;
+----------------------------------------------+-------+
; Total registers                              ; 59    ;
; Number of registers using Synchronous Clear  ; 0     ;
; Number of registers using Synchronous Load   ; 0     ;
; Number of registers using Asynchronous Clear ; 0     ;
; Number of registers using Asynchronous Load  ; 0     ;
; Number of registers using Clock Enable       ; 10    ;
; Number of registers using Preset             ; 0     ;
+----------------------------------------------+-------+


+----------------------------------------------------------------------------------------------------------------------+
; Port Connectivity Checks: "register:register_a"                                                                      ;
+------------+--------+----------+-------------------------------------------------------------------------------------+
; Port       ; Type   ; Severity ; Details                                                                             ;
+------------+--------+----------+-------------------------------------------------------------------------------------+
; in[15..3]  ; Input  ; Info     ; Stuck at GND                                                                        ;
; in[2]      ; Input  ; Info     ; Stuck at VCC                                                                        ;
; in[1]      ; Input  ; Info     ; Stuck at GND                                                                        ;
; out[15..3] ; Output ; Info     ; Connected to dangling logic. Logic that only feeds a dangling port will be removed. ;
+------------+--------+----------+-------------------------------------------------------------------------------------+


+-----------------------------------------------------------------------------------------------------------------+
; Port Connectivity Checks: "ALUn2t:ALU_instance_main|Add16:add16_alu_a|FullAdder:full_adder_inst_p"              ;
+-------+--------+----------+-------------------------------------------------------------------------------------+
; Port  ; Type   ; Severity ; Details                                                                             ;
+-------+--------+----------+-------------------------------------------------------------------------------------+
; carry ; Output ; Info     ; Connected to dangling logic. Logic that only feeds a dangling port will be removed. ;
+-------+--------+----------+-------------------------------------------------------------------------------------+


+---------------------------------------------------------------------------------------------------------------------------------------------------------------------------------------------------------------+
; Port Connectivity Checks: "ALUn2t:ALU_instance_main|Add16:add16_alu_a|FullAdder:full_adder_inst_a"                                                                                                            ;
+-------+-------+----------+------------------------------------------------------------------------------------------------------------------------------------------------------------------------------------+
; Port  ; Type  ; Severity ; Details                                                                                                                                                                            ;
+-------+-------+----------+------------------------------------------------------------------------------------------------------------------------------------------------------------------------------------+
; c     ; Input ; Warning  ; Input port expression (32 bits) is wider than the input port (1 bits) it drives.  The 31 most-significant bit(s) in the expression will be dangling if they have no other fanouts. ;
; c[-1] ; Input ; Info     ; Stuck at GND                                                                                                                                                                       ;
+-------+-------+----------+------------------------------------------------------------------------------------------------------------------------------------------------------------------------------------+


+--------------------------------------------------------------------------------------------------------------------------------------------------------------------------+
; Port Connectivity Checks: "ALUn2t:ALU_instance_main"                                                                                                                     ;
+------+--------+----------+-----------------------------------------------------------------------------------------------------------------------------------------------+
; Port ; Type   ; Severity ; Details                                                                                                                                       ;
+------+--------+----------+-----------------------------------------------------------------------------------------------------------------------------------------------+
; x    ; Input  ; Warning  ; Input port expression (10 bits) is smaller than the input port (16 bits) it drives.  Extra input bit(s) "x[15..10]" will be connected to GND. ;
; y    ; Input  ; Warning  ; Input port expression (10 bits) is smaller than the input port (16 bits) it drives.  Extra input bit(s) "y[15..10]" will be connected to GND. ;
; zx   ; Input  ; Info     ; Stuck at GND                                                                                                                                  ;
; nx   ; Input  ; Info     ; Stuck at GND                                                                                                                                  ;
; zy   ; Input  ; Info     ; Stuck at GND                                                                                                                                  ;
; ny   ; Input  ; Info     ; Stuck at GND                                                                                                                                  ;
; f    ; Input  ; Info     ; Stuck at VCC                                                                                                                                  ;
; no   ; Input  ; Info     ; Stuck at GND                                                                                                                                  ;
; zr   ; Output ; Info     ; Connected to dangling logic. Logic that only feeds a dangling port will be removed.                                                           ;
; ng   ; Output ; Info     ; Connected to dangling logic. Logic that only feeds a dangling port will be removed.                                                           ;
+------+--------+----------+-----------------------------------------------------------------------------------------------------------------------------------------------+


+-----------------------------------------------------+
; Post-Synthesis Netlist Statistics for Top Partition ;
+-----------------------+-----------------------------+
; Type                  ; Count                       ;
+-----------------------+-----------------------------+
; boundary_port         ; 50                          ;
; cycloneiii_ff         ; 59                          ;
;     ENA               ; 10                          ;
;     plain             ; 49                          ;
; cycloneiii_io_obuf    ; 16                          ;
; cycloneiii_lcell_comb ; 100                         ;
;     arith             ; 49                          ;
;         2 data inputs ; 49                          ;
;     normal            ; 51                          ;
;         0 data inputs ; 2                           ;
;         1 data inputs ; 7                           ;
;         2 data inputs ; 9                           ;
;         3 data inputs ; 4                           ;
;         4 data inputs ; 29                          ;
;                       ;                             ;
; Max LUT depth         ; 4.10                        ;
; Average LUT depth     ; 2.59                        ;
+-----------------------+-----------------------------+


+-------------------------------+
; Elapsed Time Per Partition    ;
+----------------+--------------+
; Partition Name ; Elapsed Time ;
+----------------+--------------+
; Top            ; 00:00:00     ;
+----------------+--------------+


+-------------------------------+
; Analysis & Synthesis Messages ;
+-------------------------------+
Info: *******************************************************************
Info: Running Quartus Prime Analysis & Synthesis
    Info: Version 21.1.0 Build 842 10/21/2021 SJ Lite Edition
    Info: Processing started: Thu Apr 21 17:26:08 2022
Info: Command: quartus_map --read_settings_files=on --write_settings_files=off rzfpga_pc -c rzfpga_pc
Warning (18236): Number of processors has not been specified which may cause overloading on shared machines.  Set the global assignment NUM_PARALLEL_PROCESSORS in your QSF to an appropriate value for best performance.
Info (20030): Parallel compilation is enabled and will use 4 of the 4 processors detected
Info (12021): Found 1 design units, including 1 entities, in source file 01/n2tmux.v
    Info (12023): Found entity 1: n2tmux File: C:/Users/mjoco/OneDrive/Documents/GitHub/verilog2tetris/01/n2tmux.v Line: 13
Info (12021): Found 1 design units, including 1 entities, in source file 01/n2tmux16.v
    Info (12023): Found entity 1: n2tmux16 File: C:/Users/mjoco/OneDrive/Documents/GitHub/verilog2tetris/01/n2tmux16.v Line: 13
Info (12021): Found 1 design units, including 1 entities, in source file vga/hvsync_generator.v
    Info (12023): Found entity 1: hvsync_generator File: C:/Users/mjoco/OneDrive/Documents/GitHub/verilog2tetris/VGA/hvsync_generator.v Line: 1
Info (12021): Found 1 design units, including 1 entities, in source file vga/clock_divider.v
    Info (12023): Found entity 1: clock_divider File: C:/Users/mjoco/OneDrive/Documents/GitHub/verilog2tetris/VGA/clock_divider.v Line: 1
Info (12021): Found 1 design units, including 1 entities, in source file 02/halfadder.v
    Info (12023): Found entity 1: HalfAdder File: C:/Users/mjoco/OneDrive/Documents/GitHub/verilog2tetris/02/HalfAdder.v Line: 14
Info (12021): Found 1 design units, including 1 entities, in source file 02/fulladder.v
    Info (12023): Found entity 1: FullAdder File: C:/Users/mjoco/OneDrive/Documents/GitHub/verilog2tetris/02/FullAdder.v Line: 14
Info (12021): Found 1 design units, including 1 entities, in source file 02/add16.v
    Info (12023): Found entity 1: Add16 File: C:/Users/mjoco/OneDrive/Documents/GitHub/verilog2tetris/02/Add16.v Line: 16
Info (12021): Found 1 design units, including 1 entities, in source file 02/alun2t.v
    Info (12023): Found entity 1: ALUn2t File: C:/Users/mjoco/OneDrive/Documents/GitHub/verilog2tetris/02/ALUn2t.v Line: 24
Info (12021): Found 1 design units, including 1 entities, in source file rzfpga_pc.v
    Info (12023): Found entity 1: rzfpga_pc File: C:/Users/mjoco/OneDrive/Documents/GitHub/verilog2tetris/rzfpga_pc.v Line: 1
Info (12021): Found 1 design units, including 1 entities, in source file 01/n8waymux16.v
    Info (12023): Found entity 1: n8WayMux16 File: C:/Users/mjoco/OneDrive/Documents/GitHub/verilog2tetris/01/n8WayMux16.v Line: 1
Info (12021): Found 1 design units, including 1 entities, in source file 01/dmux_8_way.v
    Info (12023): Found entity 1: dmux_8_way File: C:/Users/mjoco/OneDrive/Documents/GitHub/verilog2tetris/01/dmux_8_way.v Line: 1
Info (12021): Found 1 design units, including 1 entities, in source file 01/dmux_4_way.v
    Info (12023): Found entity 1: dmux_4_way File: C:/Users/mjoco/OneDrive/Documents/GitHub/verilog2tetris/01/dmux_4_way.v Line: 1
Info (12021): Found 1 design units, including 1 entities, in source file 01/dmux.v
    Info (12023): Found entity 1: dmux File: C:/Users/mjoco/OneDrive/Documents/GitHub/verilog2tetris/01/dmux.v Line: 1
Info (12021): Found 1 design units, including 1 entities, in source file 03/bram/register.v
    Info (12023): Found entity 1: register File: C:/Users/mjoco/OneDrive/Documents/GitHub/verilog2tetris/03/BRAM/register.v Line: 1
Info (12021): Found 1 design units, including 1 entities, in source file 03/bram/bram_ram_8.v
    Info (12023): Found entity 1: bram_ram_8 File: C:/Users/mjoco/OneDrive/Documents/GitHub/verilog2tetris/03/BRAM/bram_ram_8.v Line: 1
Info (12021): Found 1 design units, including 1 entities, in source file 03/slowclktest.v
    Info (12023): Found entity 1: slowclktest File: C:/Users/mjoco/OneDrive/Documents/GitHub/verilog2tetris/03/slowclktest.v Line: 1
Info (12127): Elaborating entity "rzfpga_pc" for the top level hierarchy
Warning (10230): Verilog HDL assignment warning at rzfpga_pc.v(124): truncated value with size 16 to match size of target (3) File: C:/Users/mjoco/OneDrive/Documents/GitHub/verilog2tetris/rzfpga_pc.v Line: 124
Warning (10034): Output port "SDA0" at rzfpga_pc.v(18) has no driver File: C:/Users/mjoco/OneDrive/Documents/GitHub/verilog2tetris/rzfpga_pc.v Line: 18
Warning (10034): Output port "SDA1" at rzfpga_pc.v(19) has no driver File: C:/Users/mjoco/OneDrive/Documents/GitHub/verilog2tetris/rzfpga_pc.v Line: 19
Warning (10034): Output port "SDA2" at rzfpga_pc.v(20) has no driver File: C:/Users/mjoco/OneDrive/Documents/GitHub/verilog2tetris/rzfpga_pc.v Line: 20
Warning (10034): Output port "SDA3" at rzfpga_pc.v(21) has no driver File: C:/Users/mjoco/OneDrive/Documents/GitHub/verilog2tetris/rzfpga_pc.v Line: 21
Warning (10034): Output port "SDA4" at rzfpga_pc.v(22) has no driver File: C:/Users/mjoco/OneDrive/Documents/GitHub/verilog2tetris/rzfpga_pc.v Line: 22
Warning (10034): Output port "SDA5" at rzfpga_pc.v(23) has no driver File: C:/Users/mjoco/OneDrive/Documents/GitHub/verilog2tetris/rzfpga_pc.v Line: 23
Warning (10034): Output port "SDA6" at rzfpga_pc.v(24) has no driver File: C:/Users/mjoco/OneDrive/Documents/GitHub/verilog2tetris/rzfpga_pc.v Line: 24
Warning (10034): Output port "SDA7" at rzfpga_pc.v(25) has no driver File: C:/Users/mjoco/OneDrive/Documents/GitHub/verilog2tetris/rzfpga_pc.v Line: 25
Warning (10034): Output port "SDA8" at rzfpga_pc.v(26) has no driver File: C:/Users/mjoco/OneDrive/Documents/GitHub/verilog2tetris/rzfpga_pc.v Line: 26
Warning (10034): Output port "SDA9" at rzfpga_pc.v(27) has no driver File: C:/Users/mjoco/OneDrive/Documents/GitHub/verilog2tetris/rzfpga_pc.v Line: 27
Warning (10034): Output port "SDA10" at rzfpga_pc.v(28) has no driver File: C:/Users/mjoco/OneDrive/Documents/GitHub/verilog2tetris/rzfpga_pc.v Line: 28
Warning (10034): Output port "SDA11" at rzfpga_pc.v(29) has no driver File: C:/Users/mjoco/OneDrive/Documents/GitHub/verilog2tetris/rzfpga_pc.v Line: 29
Warning (10034): Output port "SDBS0" at rzfpga_pc.v(31) has no driver File: C:/Users/mjoco/OneDrive/Documents/GitHub/verilog2tetris/rzfpga_pc.v Line: 31
Warning (10034): Output port "SDBS1" at rzfpga_pc.v(32) has no driver File: C:/Users/mjoco/OneDrive/Documents/GitHub/verilog2tetris/rzfpga_pc.v Line: 32
Warning (10034): Output port "SDLDQM" at rzfpga_pc.v(33) has no driver File: C:/Users/mjoco/OneDrive/Documents/GitHub/verilog2tetris/rzfpga_pc.v Line: 33
Warning (10034): Output port "SDUDQM" at rzfpga_pc.v(34) has no driver File: C:/Users/mjoco/OneDrive/Documents/GitHub/verilog2tetris/rzfpga_pc.v Line: 34
Warning (10034): Output port "SDCKE" at rzfpga_pc.v(35) has no driver File: C:/Users/mjoco/OneDrive/Documents/GitHub/verilog2tetris/rzfpga_pc.v Line: 35
Warning (10034): Output port "SDCLK" at rzfpga_pc.v(36) has no driver File: C:/Users/mjoco/OneDrive/Documents/GitHub/verilog2tetris/rzfpga_pc.v Line: 36
Warning (10034): Output port "SDCS" at rzfpga_pc.v(37) has no driver File: C:/Users/mjoco/OneDrive/Documents/GitHub/verilog2tetris/rzfpga_pc.v Line: 37
Warning (10034): Output port "SDRAS" at rzfpga_pc.v(38) has no driver File: C:/Users/mjoco/OneDrive/Documents/GitHub/verilog2tetris/rzfpga_pc.v Line: 38
Warning (10034): Output port "SDCAS" at rzfpga_pc.v(39) has no driver File: C:/Users/mjoco/OneDrive/Documents/GitHub/verilog2tetris/rzfpga_pc.v Line: 39
Warning (10034): Output port "SDWE" at rzfpga_pc.v(40) has no driver File: C:/Users/mjoco/OneDrive/Documents/GitHub/verilog2tetris/rzfpga_pc.v Line: 40
Info (12128): Elaborating entity "ALUn2t" for hierarchy "ALUn2t:ALU_instance_main" File: C:/Users/mjoco/OneDrive/Documents/GitHub/verilog2tetris/rzfpga_pc.v Line: 78
Info (12128): Elaborating entity "Add16" for hierarchy "ALUn2t:ALU_instance_main|Add16:add16_alu_a" File: C:/Users/mjoco/OneDrive/Documents/GitHub/verilog2tetris/02/ALUn2t.v Line: 77
Info (12128): Elaborating entity "FullAdder" for hierarchy "ALUn2t:ALU_instance_main|Add16:add16_alu_a|FullAdder:full_adder_inst_a" File: C:/Users/mjoco/OneDrive/Documents/GitHub/verilog2tetris/02/Add16.v Line: 30
Info (12128): Elaborating entity "HalfAdder" for hierarchy "ALUn2t:ALU_instance_main|Add16:add16_alu_a|FullAdder:full_adder_inst_a|HalfAdder:half_adder_inst_a" File: C:/Users/mjoco/OneDrive/Documents/GitHub/verilog2tetris/02/FullAdder.v Line: 43
Info (12128): Elaborating entity "n2tmux16" for hierarchy "ALUn2t:ALU_instance_main|n2tmux16:mux16_alu_a" File: C:/Users/mjoco/OneDrive/Documents/GitHub/verilog2tetris/02/ALUn2t.v Line: 81
Info (12128): Elaborating entity "n2tmux" for hierarchy "ALUn2t:ALU_instance_main|n2tmux16:mux16_alu_a|n2tmux:mux16_a" File: C:/Users/mjoco/OneDrive/Documents/GitHub/verilog2tetris/01/n2tmux16.v Line: 20
Info (12128): Elaborating entity "hvsync_generator" for hierarchy "hvsync_generator:hvsync" File: C:/Users/mjoco/OneDrive/Documents/GitHub/verilog2tetris/rzfpga_pc.v Line: 95
Warning (10230): Verilog HDL assignment warning at hvsync_generator.v(19): truncated value with size 32 to match size of target (10) File: C:/Users/mjoco/OneDrive/Documents/GitHub/verilog2tetris/VGA/hvsync_generator.v Line: 19
Warning (10230): Verilog HDL assignment warning at hvsync_generator.v(28): truncated value with size 32 to match size of target (10) File: C:/Users/mjoco/OneDrive/Documents/GitHub/verilog2tetris/VGA/hvsync_generator.v Line: 28
Info (12128): Elaborating entity "clock_divider" for hierarchy "clock_divider:wrapper" File: C:/Users/mjoco/OneDrive/Documents/GitHub/verilog2tetris/rzfpga_pc.v Line: 101
Info (12128): Elaborating entity "register" for hierarchy "register:register_a" File: C:/Users/mjoco/OneDrive/Documents/GitHub/verilog2tetris/rzfpga_pc.v Line: 117
Warning (12241): 2 hierarchies have connectivity warnings - see the Connectivity Checks report folder
Warning (13039): The following bidirectional pins have no drivers
    Warning (13040): bidirectional pin "DQ0" has no driver File: C:/Users/mjoco/OneDrive/Documents/GitHub/verilog2tetris/rzfpga_pc.v Line: 2
    Warning (13040): bidirectional pin "DQ1" has no driver File: C:/Users/mjoco/OneDrive/Documents/GitHub/verilog2tetris/rzfpga_pc.v Line: 3
    Warning (13040): bidirectional pin "DQ2" has no driver File: C:/Users/mjoco/OneDrive/Documents/GitHub/verilog2tetris/rzfpga_pc.v Line: 4
    Warning (13040): bidirectional pin "DQ3" has no driver File: C:/Users/mjoco/OneDrive/Documents/GitHub/verilog2tetris/rzfpga_pc.v Line: 5
    Warning (13040): bidirectional pin "DQ4" has no driver File: C:/Users/mjoco/OneDrive/Documents/GitHub/verilog2tetris/rzfpga_pc.v Line: 6
    Warning (13040): bidirectional pin "DQ5" has no driver File: C:/Users/mjoco/OneDrive/Documents/GitHub/verilog2tetris/rzfpga_pc.v Line: 7
    Warning (13040): bidirectional pin "DQ6" has no driver File: C:/Users/mjoco/OneDrive/Documents/GitHub/verilog2tetris/rzfpga_pc.v Line: 8
    Warning (13040): bidirectional pin "DQ7" has no driver File: C:/Users/mjoco/OneDrive/Documents/GitHub/verilog2tetris/rzfpga_pc.v Line: 9
    Warning (13040): bidirectional pin "DQ8" has no driver File: C:/Users/mjoco/OneDrive/Documents/GitHub/verilog2tetris/rzfpga_pc.v Line: 10
    Warning (13040): bidirectional pin "DQ9" has no driver File: C:/Users/mjoco/OneDrive/Documents/GitHub/verilog2tetris/rzfpga_pc.v Line: 11
    Warning (13040): bidirectional pin "DQ10" has no driver File: C:/Users/mjoco/OneDrive/Documents/GitHub/verilog2tetris/rzfpga_pc.v Line: 12
    Warning (13040): bidirectional pin "DQ11" has no driver File: C:/Users/mjoco/OneDrive/Documents/GitHub/verilog2tetris/rzfpga_pc.v Line: 13
    Warning (13040): bidirectional pin "DQ12" has no driver File: C:/Users/mjoco/OneDrive/Documents/GitHub/verilog2tetris/rzfpga_pc.v Line: 14
    Warning (13040): bidirectional pin "DQ13" has no driver File: C:/Users/mjoco/OneDrive/Documents/GitHub/verilog2tetris/rzfpga_pc.v Line: 15
    Warning (13040): bidirectional pin "DQ14" has no driver File: C:/Users/mjoco/OneDrive/Documents/GitHub/verilog2tetris/rzfpga_pc.v Line: 16
    Warning (13040): bidirectional pin "DQ15" has no driver File: C:/Users/mjoco/OneDrive/Documents/GitHub/verilog2tetris/rzfpga_pc.v Line: 17
Warning (13024): Output pins are stuck at VCC or GND
    Warning (13410): Pin "SDA0" is stuck at GND File: C:/Users/mjoco/OneDrive/Documents/GitHub/verilog2tetris/rzfpga_pc.v Line: 18
    Warning (13410): Pin "SDA1" is stuck at GND File: C:/Users/mjoco/OneDrive/Documents/GitHub/verilog2tetris/rzfpga_pc.v Line: 19
    Warning (13410): Pin "SDA2" is stuck at GND File: C:/Users/mjoco/OneDrive/Documents/GitHub/verilog2tetris/rzfpga_pc.v Line: 20
    Warning (13410): Pin "SDA3" is stuck at GND File: C:/Users/mjoco/OneDrive/Documents/GitHub/verilog2tetris/rzfpga_pc.v Line: 21
    Warning (13410): Pin "SDA4" is stuck at GND File: C:/Users/mjoco/OneDrive/Documents/GitHub/verilog2tetris/rzfpga_pc.v Line: 22
    Warning (13410): Pin "SDA5" is stuck at GND File: C:/Users/mjoco/OneDrive/Documents/GitHub/verilog2tetris/rzfpga_pc.v Line: 23
    Warning (13410): Pin "SDA6" is stuck at GND File: C:/Users/mjoco/OneDrive/Documents/GitHub/verilog2tetris/rzfpga_pc.v Line: 24
    Warning (13410): Pin "SDA7" is stuck at GND File: C:/Users/mjoco/OneDrive/Documents/GitHub/verilog2tetris/rzfpga_pc.v Line: 25
    Warning (13410): Pin "SDA8" is stuck at GND File: C:/Users/mjoco/OneDrive/Documents/GitHub/verilog2tetris/rzfpga_pc.v Line: 26
    Warning (13410): Pin "SDA9" is stuck at GND File: C:/Users/mjoco/OneDrive/Documents/GitHub/verilog2tetris/rzfpga_pc.v Line: 27
    Warning (13410): Pin "SDA10" is stuck at GND File: C:/Users/mjoco/OneDrive/Documents/GitHub/verilog2tetris/rzfpga_pc.v Line: 28
    Warning (13410): Pin "SDA11" is stuck at GND File: C:/Users/mjoco/OneDrive/Documents/GitHub/verilog2tetris/rzfpga_pc.v Line: 29
    Warning (13410): Pin "SDBS0" is stuck at GND File: C:/Users/mjoco/OneDrive/Documents/GitHub/verilog2tetris/rzfpga_pc.v Line: 31
    Warning (13410): Pin "SDBS1" is stuck at GND File: C:/Users/mjoco/OneDrive/Documents/GitHub/verilog2tetris/rzfpga_pc.v Line: 32
    Warning (13410): Pin "SDLDQM" is stuck at GND File: C:/Users/mjoco/OneDrive/Documents/GitHub/verilog2tetris/rzfpga_pc.v Line: 33
    Warning (13410): Pin "SDUDQM" is stuck at GND File: C:/Users/mjoco/OneDrive/Documents/GitHub/verilog2tetris/rzfpga_pc.v Line: 34
    Warning (13410): Pin "SDCKE" is stuck at GND File: C:/Users/mjoco/OneDrive/Documents/GitHub/verilog2tetris/rzfpga_pc.v Line: 35
    Warning (13410): Pin "SDCLK" is stuck at GND File: C:/Users/mjoco/OneDrive/Documents/GitHub/verilog2tetris/rzfpga_pc.v Line: 36
    Warning (13410): Pin "SDCS" is stuck at GND File: C:/Users/mjoco/OneDrive/Documents/GitHub/verilog2tetris/rzfpga_pc.v Line: 37
    Warning (13410): Pin "SDRAS" is stuck at GND File: C:/Users/mjoco/OneDrive/Documents/GitHub/verilog2tetris/rzfpga_pc.v Line: 38
    Warning (13410): Pin "SDCAS" is stuck at GND File: C:/Users/mjoco/OneDrive/Documents/GitHub/verilog2tetris/rzfpga_pc.v Line: 39
    Warning (13410): Pin "SDWE" is stuck at GND File: C:/Users/mjoco/OneDrive/Documents/GitHub/verilog2tetris/rzfpga_pc.v Line: 40
    Warning (13410): Pin "led1" is stuck at VCC File: C:/Users/mjoco/OneDrive/Documents/GitHub/verilog2tetris/rzfpga_pc.v Line: 42
    Warning (13410): Pin "pix1" is stuck at GND File: C:/Users/mjoco/OneDrive/Documents/GitHub/verilog2tetris/rzfpga_pc.v Line: 51
Info (286030): Timing-Driven Synthesis is running
Info (16010): Generating hard_block partition "hard_block:auto_generated_inst"
    Info (16011): Adding 0 node(s), including 0 DDIO, 0 PLL, 0 transceiver and 0 LCELL
Info (21057): Implemented 144 device resources after synthesis - the final resource count might be different
    Info (21058): Implemented 3 input pins
    Info (21059): Implemented 31 output pins
    Info (21060): Implemented 16 bidirectional pins
    Info (21061): Implemented 94 logic cells
Info: Quartus Prime Analysis & Synthesis was successful. 0 errors, 69 warnings
    Info: Peak virtual memory: 4766 megabytes
    Info: Processing ended: Thu Apr 21 17:26:15 2022
    Info: Elapsed time: 00:00:07
    Info: Total CPU time (on all processors): 00:00:16


