Analysis & Synthesis report for verilog2tetrisDRGB
Tue May 07 12:41:33 2024
Quartus Prime Version 20.1.1 Build 720 11/11/2020 SJ Lite Edition


---------------------
; Table of Contents ;
---------------------
  1. Legal Notice
  2. Analysis & Synthesis Summary
  3. Analysis & Synthesis Settings
  4. Parallel Compilation
  5. Analysis & Synthesis Source Files Read
  6. Analysis & Synthesis Resource Usage Summary
  7. Analysis & Synthesis Resource Utilization by Entity
  8. Analysis & Synthesis RAM Summary
  9. Registers Removed During Synthesis
 10. General Register Statistics
 11. Multiplexer Restructuring Statistics (Restructuring Performed)
 12. Source assignments for HackComputer:_HackComputer|RAM_small:_RAM_small|altsyncram:memory[0][15]__1|altsyncram_3c81:auto_generated
 13. Parameter Settings for User Entity Instance: HackComputer:_HackComputer|RAM_small:_RAM_small|altsyncram:memory[0][15]__1
 14. altsyncram Parameter Settings by Entity Instance
 15. Port Connectivity Checks: "HackComputer:_HackComputer|RAM_small:_RAM_small"
 16. Port Connectivity Checks: "HackComputer:_HackComputer|CPU:_CPU|PC:_PC|Inc16:_Inc16|Add16:_Add16"
 17. Port Connectivity Checks: "HackComputer:_HackComputer|CPU:_CPU|PC:_PC|Inc16:_Inc16"
 18. Port Connectivity Checks: "HackComputer:_HackComputer|CPU:_CPU|PC:_PC"
 19. Port Connectivity Checks: "HackComputer:_HackComputer|CPU:_CPU|ALU:_ALU|Add16:_Add16|FullAdder:_FullAdder_15"
 20. Port Connectivity Checks: "HackComputer:_HackComputer|CPU:_CPU|ALU:_ALU|Add16:_Add16|FullAdder:_FullAdder_0"
 21. Port Connectivity Checks: "HackComputer:_HackComputer|CPU:_CPU|ALU:_ALU|Mux16:_Mux16_1"
 22. Port Connectivity Checks: "HackComputer:_HackComputer|CPU:_CPU|ALU:_ALU|Mux16:_Mux16_0"
 23. Port Connectivity Checks: "HackComputer:_HackComputer|CPU:_CPU"
 24. Post-Synthesis Netlist Statistics for Top Partition
 25. Elapsed Time Per Partition
 26. Analysis & Synthesis Messages



----------------
; Legal Notice ;
----------------
Copyright (C) 2020  Intel Corporation. All rights reserved.
Your use of Intel Corporation's design tools, logic functions 
and other software and tools, and any partner logic 
functions, and any output files from any of the foregoing 
(including device programming or simulation files), and any 
associated documentation or information are expressly subject 
to the terms and conditions of the Intel Program License 
Subscription Agreement, the Intel Quartus Prime License Agreement,
the Intel FPGA IP License Agreement, or other applicable license
agreement, including, without limitation, that your use is for
the sole purpose of programming logic devices manufactured by
Intel and sold by Intel or its authorized distributors.  Please
refer to the applicable agreement for further details, at
https://fpgasoftware.intel.com/eula.



+----------------------------------------------------------------------------------+
; Analysis & Synthesis Summary                                                     ;
+------------------------------------+---------------------------------------------+
; Analysis & Synthesis Status        ; Successful - Tue May 07 12:41:33 2024       ;
; Quartus Prime Version              ; 20.1.1 Build 720 11/11/2020 SJ Lite Edition ;
; Revision Name                      ; verilog2tetrisDRGB                          ;
; Top-level Entity Name              ; verilog2tetris                              ;
; Family                             ; Cyclone IV E                                ;
; Total logic elements               ; 178                                         ;
;     Total combinational functions  ; 171                                         ;
;     Dedicated logic registers      ; 83                                          ;
; Total registers                    ; 83                                          ;
; Total pins                         ; 6                                           ;
; Total virtual pins                 ; 0                                           ;
; Total memory bits                  ; 256                                         ;
; Embedded Multiplier 9-bit elements ; 0                                           ;
; Total PLLs                         ; 0                                           ;
+------------------------------------+---------------------------------------------+


+------------------------------------------------------------------------------------------------------------+
; Analysis & Synthesis Settings                                                                              ;
+------------------------------------------------------------------+--------------------+--------------------+
; Option                                                           ; Setting            ; Default Value      ;
+------------------------------------------------------------------+--------------------+--------------------+
; Device                                                           ; EP4CE6E22C8        ;                    ;
; Top-level entity name                                            ; verilog2tetris     ; verilog2tetrisDRGB ;
; Family name                                                      ; Cyclone IV E       ; Cyclone V          ;
; Use smart compilation                                            ; Off                ; Off                ;
; Enable parallel Assembler and Timing Analyzer during compilation ; On                 ; On                 ;
; Enable compact report table                                      ; Off                ; Off                ;
; Restructure Multiplexers                                         ; Auto               ; Auto               ;
; Create Debugging Nodes for IP Cores                              ; Off                ; Off                ;
; Preserve fewer node names                                        ; On                 ; On                 ;
; Intel FPGA IP Evaluation Mode                                    ; Enable             ; Enable             ;
; Verilog Version                                                  ; Verilog_2001       ; Verilog_2001       ;
; VHDL Version                                                     ; VHDL_1993          ; VHDL_1993          ;
; State Machine Processing                                         ; Auto               ; Auto               ;
; Safe State Machine                                               ; Off                ; Off                ;
; Extract Verilog State Machines                                   ; On                 ; On                 ;
; Extract VHDL State Machines                                      ; On                 ; On                 ;
; Ignore Verilog initial constructs                                ; Off                ; Off                ;
; Iteration limit for constant Verilog loops                       ; 5000               ; 5000               ;
; Iteration limit for non-constant Verilog loops                   ; 250                ; 250                ;
; Add Pass-Through Logic to Inferred RAMs                          ; On                 ; On                 ;
; Infer RAMs from Raw Logic                                        ; On                 ; On                 ;
; Parallel Synthesis                                               ; On                 ; On                 ;
; DSP Block Balancing                                              ; Auto               ; Auto               ;
; NOT Gate Push-Back                                               ; On                 ; On                 ;
; Power-Up Don't Care                                              ; On                 ; On                 ;
; Remove Redundant Logic Cells                                     ; Off                ; Off                ;
; Remove Duplicate Registers                                       ; On                 ; On                 ;
; Ignore CARRY Buffers                                             ; Off                ; Off                ;
; Ignore CASCADE Buffers                                           ; Off                ; Off                ;
; Ignore GLOBAL Buffers                                            ; Off                ; Off                ;
; Ignore ROW GLOBAL Buffers                                        ; Off                ; Off                ;
; Ignore LCELL Buffers                                             ; Off                ; Off                ;
; Ignore SOFT Buffers                                              ; On                 ; On                 ;
; Limit AHDL Integers to 32 Bits                                   ; Off                ; Off                ;
; Optimization Technique                                           ; Balanced           ; Balanced           ;
; Carry Chain Length                                               ; 70                 ; 70                 ;
; Auto Carry Chains                                                ; On                 ; On                 ;
; Auto Open-Drain Pins                                             ; On                 ; On                 ;
; Perform WYSIWYG Primitive Resynthesis                            ; Off                ; Off                ;
; Auto ROM Replacement                                             ; On                 ; On                 ;
; Auto RAM Replacement                                             ; On                 ; On                 ;
; Auto DSP Block Replacement                                       ; On                 ; On                 ;
; Auto Shift Register Replacement                                  ; Auto               ; Auto               ;
; Allow Shift Register Merging across Hierarchies                  ; Auto               ; Auto               ;
; Auto Clock Enable Replacement                                    ; On                 ; On                 ;
; Strict RAM Replacement                                           ; Off                ; Off                ;
; Allow Synchronous Control Signals                                ; On                 ; On                 ;
; Force Use of Synchronous Clear Signals                           ; Off                ; Off                ;
; Auto RAM Block Balancing                                         ; On                 ; On                 ;
; Auto RAM to Logic Cell Conversion                                ; Off                ; Off                ;
; Auto Resource Sharing                                            ; Off                ; Off                ;
; Allow Any RAM Size For Recognition                               ; Off                ; Off                ;
; Allow Any ROM Size For Recognition                               ; Off                ; Off                ;
; Allow Any Shift Register Size For Recognition                    ; Off                ; Off                ;
; Use LogicLock Constraints during Resource Balancing              ; On                 ; On                 ;
; Ignore translate_off and synthesis_off directives                ; Off                ; Off                ;
; Timing-Driven Synthesis                                          ; On                 ; On                 ;
; Report Parameter Settings                                        ; On                 ; On                 ;
; Report Source Assignments                                        ; On                 ; On                 ;
; Report Connectivity Checks                                       ; On                 ; On                 ;
; Ignore Maximum Fan-Out Assignments                               ; Off                ; Off                ;
; Synchronization Register Chain Length                            ; 2                  ; 2                  ;
; Power Optimization During Synthesis                              ; Normal compilation ; Normal compilation ;
; HDL message level                                                ; Level2             ; Level2             ;
; Suppress Register Optimization Related Messages                  ; Off                ; Off                ;
; Number of Removed Registers Reported in Synthesis Report         ; 5000               ; 5000               ;
; Number of Swept Nodes Reported in Synthesis Report               ; 5000               ; 5000               ;
; Number of Inverted Registers Reported in Synthesis Report        ; 100                ; 100                ;
; Clock MUX Protection                                             ; On                 ; On                 ;
; Auto Gated Clock Conversion                                      ; Off                ; Off                ;
; Block Design Naming                                              ; Auto               ; Auto               ;
; SDC constraint protection                                        ; Off                ; Off                ;
; Synthesis Effort                                                 ; Auto               ; Auto               ;
; Shift Register Replacement - Allow Asynchronous Clear Signal     ; On                 ; On                 ;
; Pre-Mapping Resynthesis Optimization                             ; Off                ; Off                ;
; Analysis & Synthesis Message Level                               ; Medium             ; Medium             ;
; Disable Register Merging Across Hierarchies                      ; Auto               ; Auto               ;
; Resource Aware Inference For Block RAM                           ; On                 ; On                 ;
+------------------------------------------------------------------+--------------------+--------------------+


+------------------------------------------+
; Parallel Compilation                     ;
+----------------------------+-------------+
; Processors                 ; Number      ;
+----------------------------+-------------+
; Number detected on machine ; 16          ;
; Maximum allowed            ; 12          ;
;                            ;             ;
; Average used               ; 1.00        ;
; Maximum used               ; 12          ;
;                            ;             ;
; Usage by Processor         ; % Time Used ;
;     Processor 1            ; 100.0%      ;
;     Processor 2            ;   0.1%      ;
;     Processors 3-12        ;   0.0%      ;
+----------------------------+-------------+


+--------------------------------------------------------------------------------------------------------------------------------------------------------------------------------+
; Analysis & Synthesis Source Files Read                                                                                                                                         ;
+----------------------------------+-----------------+------------------------------+----------------------------------------------------------------------------------+---------+
; File Name with User-Entered Path ; Used in Netlist ; File Type                    ; File Name with Absolute Path                                                     ; Library ;
+----------------------------------+-----------------+------------------------------+----------------------------------------------------------------------------------+---------+
; verilog2tetris.v                 ; yes             ; User Verilog HDL File        ; C:/Users/cjmik/OneDrive/Documents/GitHub/verilog2tetris/verilog2tetris.v         ;         ;
; verilog/5/HackComputer.v         ; yes             ; User Verilog HDL File        ; C:/Users/cjmik/OneDrive/Documents/GitHub/verilog2tetris/verilog/5/HackComputer.v ;         ;
; verilog/5/CPU.v                  ; yes             ; User Verilog HDL File        ; C:/Users/cjmik/OneDrive/Documents/GitHub/verilog2tetris/verilog/5/CPU.v          ;         ;
; verilog/4/ROM_small.v            ; yes             ; User Verilog HDL File        ; C:/Users/cjmik/OneDrive/Documents/GitHub/verilog2tetris/verilog/4/ROM_small.v    ;         ;
; verilog/3/Register.v             ; yes             ; User Verilog HDL File        ; C:/Users/cjmik/OneDrive/Documents/GitHub/verilog2tetris/verilog/3/Register.v     ;         ;
; verilog/3/RAM_small.v            ; yes             ; User Verilog HDL File        ; C:/Users/cjmik/OneDrive/Documents/GitHub/verilog2tetris/verilog/3/RAM_small.v    ;         ;
; verilog/3/PC.v                   ; yes             ; User Verilog HDL File        ; C:/Users/cjmik/OneDrive/Documents/GitHub/verilog2tetris/verilog/3/PC.v           ;         ;
; verilog/2/Inc16.v                ; yes             ; User Verilog HDL File        ; C:/Users/cjmik/OneDrive/Documents/GitHub/verilog2tetris/verilog/2/Inc16.v        ;         ;
; verilog/2/HalfAdder.v            ; yes             ; User Verilog HDL File        ; C:/Users/cjmik/OneDrive/Documents/GitHub/verilog2tetris/verilog/2/HalfAdder.v    ;         ;
; verilog/2/FullAdder.v            ; yes             ; User Verilog HDL File        ; C:/Users/cjmik/OneDrive/Documents/GitHub/verilog2tetris/verilog/2/FullAdder.v    ;         ;
; verilog/2/ALU.v                  ; yes             ; User Verilog HDL File        ; C:/Users/cjmik/OneDrive/Documents/GitHub/verilog2tetris/verilog/2/ALU.v          ;         ;
; verilog/2/Add16.v                ; yes             ; User Verilog HDL File        ; C:/Users/cjmik/OneDrive/Documents/GitHub/verilog2tetris/verilog/2/Add16.v        ;         ;
; verilog/1/Or8Way.v               ; yes             ; User Verilog HDL File        ; C:/Users/cjmik/OneDrive/Documents/GitHub/verilog2tetris/verilog/1/Or8Way.v       ;         ;
; verilog/1/Not16.v                ; yes             ; User Verilog HDL File        ; C:/Users/cjmik/OneDrive/Documents/GitHub/verilog2tetris/verilog/1/Not16.v        ;         ;
; verilog/1/Mux16.v                ; yes             ; User Verilog HDL File        ; C:/Users/cjmik/OneDrive/Documents/GitHub/verilog2tetris/verilog/1/Mux16.v        ;         ;
; verilog/1/And16.v                ; yes             ; User Verilog HDL File        ; C:/Users/cjmik/OneDrive/Documents/GitHub/verilog2tetris/verilog/1/And16.v        ;         ;
; clk_divider.v                    ; yes             ; User Verilog HDL File        ; C:/Users/cjmik/OneDrive/Documents/GitHub/verilog2tetris/clk_divider.v            ;         ;
; altsyncram.tdf                   ; yes             ; Megafunction                 ; c:/intelfpga_lite/20.1/quartus/libraries/megafunctions/altsyncram.tdf            ;         ;
; stratix_ram_block.inc            ; yes             ; Megafunction                 ; c:/intelfpga_lite/20.1/quartus/libraries/megafunctions/stratix_ram_block.inc     ;         ;
; lpm_mux.inc                      ; yes             ; Megafunction                 ; c:/intelfpga_lite/20.1/quartus/libraries/megafunctions/lpm_mux.inc               ;         ;
; lpm_decode.inc                   ; yes             ; Megafunction                 ; c:/intelfpga_lite/20.1/quartus/libraries/megafunctions/lpm_decode.inc            ;         ;
; aglobal201.inc                   ; yes             ; Megafunction                 ; c:/intelfpga_lite/20.1/quartus/libraries/megafunctions/aglobal201.inc            ;         ;
; a_rdenreg.inc                    ; yes             ; Megafunction                 ; c:/intelfpga_lite/20.1/quartus/libraries/megafunctions/a_rdenreg.inc             ;         ;
; altrom.inc                       ; yes             ; Megafunction                 ; c:/intelfpga_lite/20.1/quartus/libraries/megafunctions/altrom.inc                ;         ;
; altram.inc                       ; yes             ; Megafunction                 ; c:/intelfpga_lite/20.1/quartus/libraries/megafunctions/altram.inc                ;         ;
; altdpram.inc                     ; yes             ; Megafunction                 ; c:/intelfpga_lite/20.1/quartus/libraries/megafunctions/altdpram.inc              ;         ;
; db/altsyncram_3c81.tdf           ; yes             ; Auto-Generated Megafunction  ; C:/Users/cjmik/OneDrive/Documents/GitHub/verilog2tetris/db/altsyncram_3c81.tdf   ;         ;
+----------------------------------+-----------------+------------------------------+----------------------------------------------------------------------------------+---------+


+--------------------------------------------------------------------------------------------------------+
; Analysis & Synthesis Resource Usage Summary                                                            ;
+---------------------------------------------+----------------------------------------------------------+
; Resource                                    ; Usage                                                    ;
+---------------------------------------------+----------------------------------------------------------+
; Estimated Total logic elements              ; 178                                                      ;
;                                             ;                                                          ;
; Total combinational functions               ; 171                                                      ;
; Logic element usage by number of LUT inputs ;                                                          ;
;     -- 4 input functions                    ; 101                                                      ;
;     -- 3 input functions                    ; 26                                                       ;
;     -- <=2 input functions                  ; 44                                                       ;
;                                             ;                                                          ;
; Logic elements by mode                      ;                                                          ;
;     -- normal mode                          ; 147                                                      ;
;     -- arithmetic mode                      ; 24                                                       ;
;                                             ;                                                          ;
; Total registers                             ; 83                                                       ;
;     -- Dedicated logic registers            ; 83                                                       ;
;     -- I/O registers                        ; 0                                                        ;
;                                             ;                                                          ;
; I/O pins                                    ; 6                                                        ;
; Total memory bits                           ; 256                                                      ;
;                                             ;                                                          ;
; Embedded Multiplier 9-bit elements          ; 0                                                        ;
;                                             ;                                                          ;
; Maximum fan-out node                        ; HackComputer:_HackComputer|ROM_small:_ROM_small|data[10] ;
; Maximum fan-out                             ; 48                                                       ;
; Total fan-out                               ; 859                                                      ;
; Average fan-out                             ; 3.05                                                     ;
+---------------------------------------------+----------------------------------------------------------+


+---------------------------------------------------------------------------------------------------------------------------------------------------------------------------------------------------------------------------------------------------------------------------------------------------------------------------------------+
; Analysis & Synthesis Resource Utilization by Entity                                                                                                                                                                                                                                                                                   ;
+----------------------------------------------+---------------------+---------------------------+-------------+--------------+---------+-----------+------+--------------+----------------------------------------------------------------------------------------------------------------------------+-----------------+--------------+
; Compilation Hierarchy Node                   ; Combinational ALUTs ; Dedicated Logic Registers ; Memory Bits ; DSP Elements ; DSP 9x9 ; DSP 18x18 ; Pins ; Virtual Pins ; Full Hierarchy Name                                                                                                        ; Entity Name     ; Library Name ;
+----------------------------------------------+---------------------+---------------------------+-------------+--------------+---------+-----------+------+--------------+----------------------------------------------------------------------------------------------------------------------------+-----------------+--------------+
; |verilog2tetris                              ; 171 (0)             ; 83 (0)                    ; 256         ; 0            ; 0       ; 0         ; 6    ; 0            ; |verilog2tetris                                                                                                            ; verilog2tetris  ; work         ;
;    |HackComputer:_HackComputer|              ; 125 (0)             ; 57 (0)                    ; 256         ; 0            ; 0       ; 0         ; 0    ; 0            ; |verilog2tetris|HackComputer:_HackComputer                                                                                 ; HackComputer    ; work         ;
;       |CPU:_CPU|                             ; 109 (10)            ; 36 (0)                    ; 0           ; 0            ; 0       ; 0         ; 0    ; 0            ; |verilog2tetris|HackComputer:_HackComputer|CPU:_CPU                                                                        ; CPU             ; work         ;
;          |ALU:_ALU|                          ; 79 (0)              ; 0 (0)                     ; 0           ; 0            ; 0       ; 0         ; 0    ; 0            ; |verilog2tetris|HackComputer:_HackComputer|CPU:_CPU|ALU:_ALU                                                               ; ALU             ; work         ;
;             |Add16:_Add16|                   ; 13 (0)              ; 0 (0)                     ; 0           ; 0            ; 0       ; 0         ; 0    ; 0            ; |verilog2tetris|HackComputer:_HackComputer|CPU:_CPU|ALU:_ALU|Add16:_Add16                                                  ; Add16           ; work         ;
;                |FullAdder:_FullAdder_10|     ; 1 (1)               ; 0 (0)                     ; 0           ; 0            ; 0       ; 0         ; 0    ; 0            ; |verilog2tetris|HackComputer:_HackComputer|CPU:_CPU|ALU:_ALU|Add16:_Add16|FullAdder:_FullAdder_10                          ; FullAdder       ; work         ;
;                |FullAdder:_FullAdder_11|     ; 1 (1)               ; 0 (0)                     ; 0           ; 0            ; 0       ; 0         ; 0    ; 0            ; |verilog2tetris|HackComputer:_HackComputer|CPU:_CPU|ALU:_ALU|Add16:_Add16|FullAdder:_FullAdder_11                          ; FullAdder       ; work         ;
;                |FullAdder:_FullAdder_12|     ; 1 (1)               ; 0 (0)                     ; 0           ; 0            ; 0       ; 0         ; 0    ; 0            ; |verilog2tetris|HackComputer:_HackComputer|CPU:_CPU|ALU:_ALU|Add16:_Add16|FullAdder:_FullAdder_12                          ; FullAdder       ; work         ;
;                |FullAdder:_FullAdder_13|     ; 1 (1)               ; 0 (0)                     ; 0           ; 0            ; 0       ; 0         ; 0    ; 0            ; |verilog2tetris|HackComputer:_HackComputer|CPU:_CPU|ALU:_ALU|Add16:_Add16|FullAdder:_FullAdder_13                          ; FullAdder       ; work         ;
;                |FullAdder:_FullAdder_1|      ; 1 (1)               ; 0 (0)                     ; 0           ; 0            ; 0       ; 0         ; 0    ; 0            ; |verilog2tetris|HackComputer:_HackComputer|CPU:_CPU|ALU:_ALU|Add16:_Add16|FullAdder:_FullAdder_1                           ; FullAdder       ; work         ;
;                |FullAdder:_FullAdder_2|      ; 1 (1)               ; 0 (0)                     ; 0           ; 0            ; 0       ; 0         ; 0    ; 0            ; |verilog2tetris|HackComputer:_HackComputer|CPU:_CPU|ALU:_ALU|Add16:_Add16|FullAdder:_FullAdder_2                           ; FullAdder       ; work         ;
;                |FullAdder:_FullAdder_3|      ; 1 (1)               ; 0 (0)                     ; 0           ; 0            ; 0       ; 0         ; 0    ; 0            ; |verilog2tetris|HackComputer:_HackComputer|CPU:_CPU|ALU:_ALU|Add16:_Add16|FullAdder:_FullAdder_3                           ; FullAdder       ; work         ;
;                |FullAdder:_FullAdder_4|      ; 1 (1)               ; 0 (0)                     ; 0           ; 0            ; 0       ; 0         ; 0    ; 0            ; |verilog2tetris|HackComputer:_HackComputer|CPU:_CPU|ALU:_ALU|Add16:_Add16|FullAdder:_FullAdder_4                           ; FullAdder       ; work         ;
;                |FullAdder:_FullAdder_5|      ; 1 (1)               ; 0 (0)                     ; 0           ; 0            ; 0       ; 0         ; 0    ; 0            ; |verilog2tetris|HackComputer:_HackComputer|CPU:_CPU|ALU:_ALU|Add16:_Add16|FullAdder:_FullAdder_5                           ; FullAdder       ; work         ;
;                |FullAdder:_FullAdder_6|      ; 1 (1)               ; 0 (0)                     ; 0           ; 0            ; 0       ; 0         ; 0    ; 0            ; |verilog2tetris|HackComputer:_HackComputer|CPU:_CPU|ALU:_ALU|Add16:_Add16|FullAdder:_FullAdder_6                           ; FullAdder       ; work         ;
;                |FullAdder:_FullAdder_7|      ; 1 (1)               ; 0 (0)                     ; 0           ; 0            ; 0       ; 0         ; 0    ; 0            ; |verilog2tetris|HackComputer:_HackComputer|CPU:_CPU|ALU:_ALU|Add16:_Add16|FullAdder:_FullAdder_7                           ; FullAdder       ; work         ;
;                |FullAdder:_FullAdder_8|      ; 1 (1)               ; 0 (0)                     ; 0           ; 0            ; 0       ; 0         ; 0    ; 0            ; |verilog2tetris|HackComputer:_HackComputer|CPU:_CPU|ALU:_ALU|Add16:_Add16|FullAdder:_FullAdder_8                           ; FullAdder       ; work         ;
;                |FullAdder:_FullAdder_9|      ; 1 (1)               ; 0 (0)                     ; 0           ; 0            ; 0       ; 0         ; 0    ; 0            ; |verilog2tetris|HackComputer:_HackComputer|CPU:_CPU|ALU:_ALU|Add16:_Add16|FullAdder:_FullAdder_9                           ; FullAdder       ; work         ;
;             |And16:_And16|                   ; 1 (1)               ; 0 (0)                     ; 0           ; 0            ; 0       ; 0         ; 0    ; 0            ; |verilog2tetris|HackComputer:_HackComputer|CPU:_CPU|ALU:_ALU|And16:_And16                                                  ; And16           ; work         ;
;             |Mux16:_Mux16_1|                 ; 14 (14)             ; 0 (0)                     ; 0           ; 0            ; 0       ; 0         ; 0    ; 0            ; |verilog2tetris|HackComputer:_HackComputer|CPU:_CPU|ALU:_ALU|Mux16:_Mux16_1                                                ; Mux16           ; work         ;
;             |Mux16:_Mux16_5|                 ; 34 (34)             ; 0 (0)                     ; 0           ; 0            ; 0       ; 0         ; 0    ; 0            ; |verilog2tetris|HackComputer:_HackComputer|CPU:_CPU|ALU:_ALU|Mux16:_Mux16_5                                                ; Mux16           ; work         ;
;             |Mux16:_Mux_16_2|                ; 15 (15)             ; 0 (0)                     ; 0           ; 0            ; 0       ; 0         ; 0    ; 0            ; |verilog2tetris|HackComputer:_HackComputer|CPU:_CPU|ALU:_ALU|Mux16:_Mux_16_2                                               ; Mux16           ; work         ;
;             |Mux16:_Mux_16_3|                ; 2 (2)               ; 0 (0)                     ; 0           ; 0            ; 0       ; 0         ; 0    ; 0            ; |verilog2tetris|HackComputer:_HackComputer|CPU:_CPU|ALU:_ALU|Mux16:_Mux_16_3                                               ; Mux16           ; work         ;
;          |Mux16:_Mux16_ARegInput|            ; 16 (16)             ; 0 (0)                     ; 0           ; 0            ; 0       ; 0         ; 0    ; 0            ; |verilog2tetris|HackComputer:_HackComputer|CPU:_CPU|Mux16:_Mux16_ARegInput                                                 ; Mux16           ; work         ;
;          |PC:_PC|                            ; 4 (4)               ; 4 (4)                     ; 0           ; 0            ; 0       ; 0         ; 0    ; 0            ; |verilog2tetris|HackComputer:_HackComputer|CPU:_CPU|PC:_PC                                                                 ; PC              ; work         ;
;          |Register:_ARegsiter|               ; 0 (0)               ; 16 (16)                   ; 0           ; 0            ; 0       ; 0         ; 0    ; 0            ; |verilog2tetris|HackComputer:_HackComputer|CPU:_CPU|Register:_ARegsiter                                                    ; Register        ; work         ;
;          |Register:_DRegister|               ; 0 (0)               ; 16 (16)                   ; 0           ; 0            ; 0       ; 0         ; 0    ; 0            ; |verilog2tetris|HackComputer:_HackComputer|CPU:_CPU|Register:_DRegister                                                    ; Register        ; work         ;
;       |RAM_small:_RAM_small|                 ; 2 (2)               ; 6 (6)                     ; 256         ; 0            ; 0       ; 0         ; 0    ; 0            ; |verilog2tetris|HackComputer:_HackComputer|RAM_small:_RAM_small                                                            ; RAM_small       ; work         ;
;          |altsyncram:memory[0][15]__1|       ; 0 (0)               ; 0 (0)                     ; 256         ; 0            ; 0       ; 0         ; 0    ; 0            ; |verilog2tetris|HackComputer:_HackComputer|RAM_small:_RAM_small|altsyncram:memory[0][15]__1                                ; altsyncram      ; work         ;
;             |altsyncram_3c81:auto_generated| ; 0 (0)               ; 0 (0)                     ; 256         ; 0            ; 0       ; 0         ; 0    ; 0            ; |verilog2tetris|HackComputer:_HackComputer|RAM_small:_RAM_small|altsyncram:memory[0][15]__1|altsyncram_3c81:auto_generated ; altsyncram_3c81 ; work         ;
;       |ROM_small:_ROM_small|                 ; 14 (14)             ; 15 (15)                   ; 0           ; 0            ; 0       ; 0         ; 0    ; 0            ; |verilog2tetris|HackComputer:_HackComputer|ROM_small:_ROM_small                                                            ; ROM_small       ; work         ;
;    |clk_divider:_clk_divider|                ; 46 (46)             ; 26 (26)                   ; 0           ; 0            ; 0       ; 0         ; 0    ; 0            ; |verilog2tetris|clk_divider:_clk_divider                                                                                   ; clk_divider     ; work         ;
+----------------------------------------------+---------------------+---------------------------+-------------+--------------+---------+-----------+------+--------------+----------------------------------------------------------------------------------------------------------------------------+-----------------+--------------+
Note: For table entries with two numbers listed, the numbers in parentheses indicate the number of resources of the given type used by the specific entity alone. The numbers listed outside of parentheses indicate the total resources of the given type used by the specific entity and all of its sub-entities in the hierarchy.


+----------------------------------------------------------------------------------------------------------------------------------------------------------------------------------------------------------------------+
; Analysis & Synthesis RAM Summary                                                                                                                                                                                     ;
+-----------------------------------------------------------------------------------------------------------------------+------+-------------+--------------+--------------+--------------+--------------+------+------+
; Name                                                                                                                  ; Type ; Mode        ; Port A Depth ; Port A Width ; Port B Depth ; Port B Width ; Size ; MIF  ;
+-----------------------------------------------------------------------------------------------------------------------+------+-------------+--------------+--------------+--------------+--------------+------+------+
; HackComputer:_HackComputer|RAM_small:_RAM_small|altsyncram:memory[0][15]__1|altsyncram_3c81:auto_generated|ALTSYNCRAM ; AUTO ; Single Port ; 16           ; 16           ; --           ; --           ; 256  ; None ;
+-----------------------------------------------------------------------------------------------------------------------+------+-------------+--------------+--------------+--------------+--------------+------+------+


+--------------------------------------------------------------------------------------------------------------------------------+
; Registers Removed During Synthesis                                                                                             ;
+---------------------------------------------------------+----------------------------------------------------------------------+
; Register name                                           ; Reason for Removal                                                   ;
+---------------------------------------------------------+----------------------------------------------------------------------+
; HackComputer:_HackComputer|ROM_small:_ROM_small|data[8] ; Merged with HackComputer:_HackComputer|ROM_small:_ROM_small|data[10] ;
; Total Number of Removed Registers = 1                   ;                                                                      ;
+---------------------------------------------------------+----------------------------------------------------------------------+


+------------------------------------------------------+
; General Register Statistics                          ;
+----------------------------------------------+-------+
; Statistic                                    ; Value ;
+----------------------------------------------+-------+
; Total registers                              ; 83    ;
; Number of registers using Synchronous Clear  ; 0     ;
; Number of registers using Synchronous Load   ; 0     ;
; Number of registers using Asynchronous Clear ; 0     ;
; Number of registers using Asynchronous Load  ; 0     ;
; Number of registers using Clock Enable       ; 3     ;
; Number of registers using Preset             ; 0     ;
+----------------------------------------------+-------+


+----------------------------------------------------------------------------------------------------------------------------------------------------------------------------------------------------+
; Multiplexer Restructuring Statistics (Restructuring Performed)                                                                                                                                     ;
+--------------------+-----------+---------------+----------------------+------------------------+------------+--------------------------------------------------------------------------------------+
; Multiplexer Inputs ; Bus Width ; Baseline Area ; Area if Restructured ; Saving if Restructured ; Registered ; Example Multiplexer Output                                                           ;
+--------------------+-----------+---------------+----------------------+------------------------+------------+--------------------------------------------------------------------------------------+
; 3:1                ; 3 bits    ; 6 LEs         ; 3 LEs                ; 3 LEs                  ; Yes        ; |verilog2tetris|HackComputer:_HackComputer|CPU:_CPU|PC:_PC|pc_reg[1]                 ;
; 3:1                ; 14 bits   ; 28 LEs        ; 28 LEs               ; 0 LEs                  ; No         ; |verilog2tetris|HackComputer:_HackComputer|CPU:_CPU|ALU:_ALU|Mux16:_Mux16_1|out[3]   ;
; 4:1                ; 16 bits   ; 32 LEs        ; 32 LEs               ; 0 LEs                  ; No         ; |verilog2tetris|HackComputer:_HackComputer|CPU:_CPU|ALU:_ALU|Mux16:_Mux_16_2|out[11] ;
; 4:1                ; 16 bits   ; 32 LEs        ; 32 LEs               ; 0 LEs                  ; No         ; |verilog2tetris|HackComputer:_HackComputer|CPU:_CPU|ALU:_ALU|Mux16:_Mux16_5|out[3]   ;
; 6:1                ; 2 bits    ; 8 LEs         ; 8 LEs                ; 0 LEs                  ; No         ; |verilog2tetris|HackComputer:_HackComputer|CPU:_CPU|ALU:_ALU|Mux16:_Mux_16_3|out[0]  ;
+--------------------+-----------+---------------+----------------------+------------------------+------------+--------------------------------------------------------------------------------------+


+-----------------------------------------------------------------------------------------------------------------------------------+
; Source assignments for HackComputer:_HackComputer|RAM_small:_RAM_small|altsyncram:memory[0][15]__1|altsyncram_3c81:auto_generated ;
+---------------------------------+--------------------+------+---------------------------------------------------------------------+
; Assignment                      ; Value              ; From ; To                                                                  ;
+---------------------------------+--------------------+------+---------------------------------------------------------------------+
; OPTIMIZE_POWER_DURING_SYNTHESIS ; NORMAL_COMPILATION ; -    ; -                                                                   ;
+---------------------------------+--------------------+------+---------------------------------------------------------------------+


+--------------------------------------------------------------------------------------------------------------------------+
; Parameter Settings for User Entity Instance: HackComputer:_HackComputer|RAM_small:_RAM_small|altsyncram:memory[0][15]__1 ;
+------------------------------------+----------------------+--------------------------------------------------------------+
; Parameter Name                     ; Value                ; Type                                                         ;
+------------------------------------+----------------------+--------------------------------------------------------------+
; BYTE_SIZE_BLOCK                    ; 8                    ; Untyped                                                      ;
; AUTO_CARRY_CHAINS                  ; ON                   ; AUTO_CARRY                                                   ;
; IGNORE_CARRY_BUFFERS               ; OFF                  ; IGNORE_CARRY                                                 ;
; AUTO_CASCADE_CHAINS                ; ON                   ; AUTO_CASCADE                                                 ;
; IGNORE_CASCADE_BUFFERS             ; OFF                  ; IGNORE_CASCADE                                               ;
; WIDTH_BYTEENA                      ; 1                    ; Untyped                                                      ;
; OPERATION_MODE                     ; SINGLE_PORT          ; Untyped                                                      ;
; WIDTH_A                            ; 16                   ; Untyped                                                      ;
; WIDTHAD_A                          ; 4                    ; Untyped                                                      ;
; NUMWORDS_A                         ; 16                   ; Untyped                                                      ;
; OUTDATA_REG_A                      ; UNREGISTERED         ; Untyped                                                      ;
; ADDRESS_ACLR_A                     ; NONE                 ; Untyped                                                      ;
; OUTDATA_ACLR_A                     ; NONE                 ; Untyped                                                      ;
; WRCONTROL_ACLR_A                   ; NONE                 ; Untyped                                                      ;
; INDATA_ACLR_A                      ; NONE                 ; Untyped                                                      ;
; BYTEENA_ACLR_A                     ; NONE                 ; Untyped                                                      ;
; WIDTH_B                            ; 1                    ; Untyped                                                      ;
; WIDTHAD_B                          ; 1                    ; Untyped                                                      ;
; NUMWORDS_B                         ; 1                    ; Untyped                                                      ;
; INDATA_REG_B                       ; CLOCK1               ; Untyped                                                      ;
; WRCONTROL_WRADDRESS_REG_B          ; CLOCK1               ; Untyped                                                      ;
; RDCONTROL_REG_B                    ; CLOCK1               ; Untyped                                                      ;
; ADDRESS_REG_B                      ; CLOCK1               ; Untyped                                                      ;
; OUTDATA_REG_B                      ; UNREGISTERED         ; Untyped                                                      ;
; BYTEENA_REG_B                      ; CLOCK1               ; Untyped                                                      ;
; INDATA_ACLR_B                      ; NONE                 ; Untyped                                                      ;
; WRCONTROL_ACLR_B                   ; NONE                 ; Untyped                                                      ;
; ADDRESS_ACLR_B                     ; NONE                 ; Untyped                                                      ;
; OUTDATA_ACLR_B                     ; NONE                 ; Untyped                                                      ;
; RDCONTROL_ACLR_B                   ; NONE                 ; Untyped                                                      ;
; BYTEENA_ACLR_B                     ; NONE                 ; Untyped                                                      ;
; WIDTH_BYTEENA_A                    ; 1                    ; Untyped                                                      ;
; WIDTH_BYTEENA_B                    ; 1                    ; Untyped                                                      ;
; RAM_BLOCK_TYPE                     ; AUTO                 ; Untyped                                                      ;
; BYTE_SIZE                          ; 8                    ; Untyped                                                      ;
; READ_DURING_WRITE_MODE_MIXED_PORTS ; DONT_CARE            ; Untyped                                                      ;
; READ_DURING_WRITE_MODE_PORT_A      ; OLD_DATA             ; Untyped                                                      ;
; READ_DURING_WRITE_MODE_PORT_B      ; NEW_DATA_NO_NBE_READ ; Untyped                                                      ;
; INIT_FILE                          ; UNUSED               ; Untyped                                                      ;
; INIT_FILE_LAYOUT                   ; PORT_A               ; Untyped                                                      ;
; MAXIMUM_DEPTH                      ; 0                    ; Untyped                                                      ;
; CLOCK_ENABLE_INPUT_A               ; NORMAL               ; Untyped                                                      ;
; CLOCK_ENABLE_INPUT_B               ; NORMAL               ; Untyped                                                      ;
; CLOCK_ENABLE_OUTPUT_A              ; NORMAL               ; Untyped                                                      ;
; CLOCK_ENABLE_OUTPUT_B              ; NORMAL               ; Untyped                                                      ;
; CLOCK_ENABLE_CORE_A                ; USE_INPUT_CLKEN      ; Untyped                                                      ;
; CLOCK_ENABLE_CORE_B                ; USE_INPUT_CLKEN      ; Untyped                                                      ;
; ENABLE_ECC                         ; FALSE                ; Untyped                                                      ;
; ECC_PIPELINE_STAGE_ENABLED         ; FALSE                ; Untyped                                                      ;
; WIDTH_ECCSTATUS                    ; 3                    ; Untyped                                                      ;
; DEVICE_FAMILY                      ; Cyclone IV E         ; Untyped                                                      ;
; CBXI_PARAMETER                     ; altsyncram_3c81      ; Untyped                                                      ;
+------------------------------------+----------------------+--------------------------------------------------------------+
Note: In order to hide this table in the UI and the text report file, please set the "Show Parameter Settings in Synthesis Report" option in "Analysis and Synthesis Settings -> More Settings" to "Off".


+-------------------------------------------------------------------------------------------------------------------------+
; altsyncram Parameter Settings by Entity Instance                                                                        ;
+-------------------------------------------+-----------------------------------------------------------------------------+
; Name                                      ; Value                                                                       ;
+-------------------------------------------+-----------------------------------------------------------------------------+
; Number of entity instances                ; 1                                                                           ;
; Entity Instance                           ; HackComputer:_HackComputer|RAM_small:_RAM_small|altsyncram:memory[0][15]__1 ;
;     -- OPERATION_MODE                     ; SINGLE_PORT                                                                 ;
;     -- WIDTH_A                            ; 16                                                                          ;
;     -- NUMWORDS_A                         ; 16                                                                          ;
;     -- OUTDATA_REG_A                      ; UNREGISTERED                                                                ;
;     -- WIDTH_B                            ; 1                                                                           ;
;     -- NUMWORDS_B                         ; 1                                                                           ;
;     -- ADDRESS_REG_B                      ; CLOCK1                                                                      ;
;     -- OUTDATA_REG_B                      ; UNREGISTERED                                                                ;
;     -- RAM_BLOCK_TYPE                     ; AUTO                                                                        ;
;     -- READ_DURING_WRITE_MODE_MIXED_PORTS ; DONT_CARE                                                                   ;
+-------------------------------------------+-----------------------------------------------------------------------------+


+----------------------------------------------------------------------------------------------------------------------+
; Port Connectivity Checks: "HackComputer:_HackComputer|RAM_small:_RAM_small"                                          ;
+------------+--------+----------+-------------------------------------------------------------------------------------+
; Port       ; Type   ; Severity ; Details                                                                             ;
+------------+--------+----------+-------------------------------------------------------------------------------------+
; rgb[15..3] ; Output ; Info     ; Connected to dangling logic. Logic that only feeds a dangling port will be removed. ;
+------------+--------+----------+-------------------------------------------------------------------------------------+


+--------------------------------------------------------------------------------------------------+
; Port Connectivity Checks: "HackComputer:_HackComputer|CPU:_CPU|PC:_PC|Inc16:_Inc16|Add16:_Add16" ;
+----------+-------+----------+--------------------------------------------------------------------+
; Port     ; Type  ; Severity ; Details                                                            ;
+----------+-------+----------+--------------------------------------------------------------------+
; b[15..1] ; Input ; Info     ; Stuck at GND                                                       ;
; b[0]     ; Input ; Info     ; Stuck at VCC                                                       ;
+----------+-------+----------+--------------------------------------------------------------------+


+-----------------------------------------------------------------------------------------------------------------------------------------------------+
; Port Connectivity Checks: "HackComputer:_HackComputer|CPU:_CPU|PC:_PC|Inc16:_Inc16"                                                                 ;
+------+--------+----------+--------------------------------------------------------------------------------------------------------------------------+
; Port ; Type   ; Severity ; Details                                                                                                                  ;
+------+--------+----------+--------------------------------------------------------------------------------------------------------------------------+
; out  ; Output ; Warning  ; Output or bidir port (16 bits) is wider than the port expression (1 bits) it drives; bit(s) "out[15..1]" have no fanouts ;
+------+--------+----------+--------------------------------------------------------------------------------------------------------------------------+


+-------------------------------------------------------------------------------------------------------------------+
; Port Connectivity Checks: "HackComputer:_HackComputer|CPU:_CPU|PC:_PC"                                            ;
+---------+--------+----------+-------------------------------------------------------------------------------------+
; Port    ; Type   ; Severity ; Details                                                                             ;
+---------+--------+----------+-------------------------------------------------------------------------------------+
; out[15] ; Output ; Info     ; Connected to dangling logic. Logic that only feeds a dangling port will be removed. ;
+---------+--------+----------+-------------------------------------------------------------------------------------+


+-----------------------------------------------------------------------------------------------------------------+
; Port Connectivity Checks: "HackComputer:_HackComputer|CPU:_CPU|ALU:_ALU|Add16:_Add16|FullAdder:_FullAdder_15"   ;
+-------+--------+----------+-------------------------------------------------------------------------------------+
; Port  ; Type   ; Severity ; Details                                                                             ;
+-------+--------+----------+-------------------------------------------------------------------------------------+
; carry ; Output ; Info     ; Connected to dangling logic. Logic that only feeds a dangling port will be removed. ;
+-------+--------+----------+-------------------------------------------------------------------------------------+


+--------------------------------------------------------------------------------------------------------------+
; Port Connectivity Checks: "HackComputer:_HackComputer|CPU:_CPU|ALU:_ALU|Add16:_Add16|FullAdder:_FullAdder_0" ;
+------+-------+----------+------------------------------------------------------------------------------------+
; Port ; Type  ; Severity ; Details                                                                            ;
+------+-------+----------+------------------------------------------------------------------------------------+
; c    ; Input ; Info     ; Stuck at GND                                                                       ;
+------+-------+----------+------------------------------------------------------------------------------------+


+-----------------------------------------------------------------------------------------+
; Port Connectivity Checks: "HackComputer:_HackComputer|CPU:_CPU|ALU:_ALU|Mux16:_Mux16_1" ;
+------+-------+----------+---------------------------------------------------------------+
; Port ; Type  ; Severity ; Details                                                       ;
+------+-------+----------+---------------------------------------------------------------+
; b    ; Input ; Info     ; Stuck at GND                                                  ;
+------+-------+----------+---------------------------------------------------------------+


+-----------------------------------------------------------------------------------------+
; Port Connectivity Checks: "HackComputer:_HackComputer|CPU:_CPU|ALU:_ALU|Mux16:_Mux16_0" ;
+------+-------+----------+---------------------------------------------------------------+
; Port ; Type  ; Severity ; Details                                                       ;
+------+-------+----------+---------------------------------------------------------------+
; b    ; Input ; Info     ; Stuck at GND                                                  ;
+------+-------+----------+---------------------------------------------------------------+


+---------------------------------------------------------------------------------------------------------------------------+
; Port Connectivity Checks: "HackComputer:_HackComputer|CPU:_CPU"                                                           ;
+-----------------+--------+----------+-------------------------------------------------------------------------------------+
; Port            ; Type   ; Severity ; Details                                                                             ;
+-----------------+--------+----------+-------------------------------------------------------------------------------------+
; addressM[14..4] ; Output ; Info     ; Connected to dangling logic. Logic that only feeds a dangling port will be removed. ;
; pc[14..4]       ; Output ; Info     ; Connected to dangling logic. Logic that only feeds a dangling port will be removed. ;
+-----------------+--------+----------+-------------------------------------------------------------------------------------+


+-----------------------------------------------------+
; Post-Synthesis Netlist Statistics for Top Partition ;
+-----------------------+-----------------------------+
; Type                  ; Count                       ;
+-----------------------+-----------------------------+
; boundary_port         ; 6                           ;
; cycloneiii_ff         ; 83                          ;
;     ENA               ; 3                           ;
;     plain             ; 80                          ;
; cycloneiii_lcell_comb ; 171                         ;
;     arith             ; 24                          ;
;         2 data inputs ; 24                          ;
;     normal            ; 147                         ;
;         1 data inputs ; 1                           ;
;         2 data inputs ; 19                          ;
;         3 data inputs ; 26                          ;
;         4 data inputs ; 101                         ;
; cycloneiii_ram_block  ; 16                          ;
;                       ;                             ;
; Max LUT depth         ; 22.00                       ;
; Average LUT depth     ; 8.97                        ;
+-----------------------+-----------------------------+


+-------------------------------+
; Elapsed Time Per Partition    ;
+----------------+--------------+
; Partition Name ; Elapsed Time ;
+----------------+--------------+
; Top            ; 00:00:01     ;
+----------------+--------------+


+-------------------------------+
; Analysis & Synthesis Messages ;
+-------------------------------+
Info: *******************************************************************
Info: Running Quartus Prime Analysis & Synthesis
    Info: Version 20.1.1 Build 720 11/11/2020 SJ Lite Edition
    Info: Processing started: Tue May 07 12:41:20 2024
Info: Command: quartus_map --read_settings_files=on --write_settings_files=off verilog2tetrisDRGB -c verilog2tetrisDRGB
Warning (18236): Number of processors has not been specified which may cause overloading on shared machines.  Set the global assignment NUM_PARALLEL_PROCESSORS in your QSF to an appropriate value for best performance.
Info (20030): Parallel compilation is enabled and will use 12 of the 12 processors detected
Info (12021): Found 1 design units, including 1 entities, in source file verilog2tetris.v
    Info (12023): Found entity 1: verilog2tetris File: C:/Users/cjmik/OneDrive/Documents/GitHub/verilog2tetris/verilog2tetris.v Line: 1
Info (12021): Found 1 design units, including 1 entities, in source file verilog/5/hackcomputer.v
    Info (12023): Found entity 1: HackComputer File: C:/Users/cjmik/OneDrive/Documents/GitHub/verilog2tetris/verilog/5/HackComputer.v Line: 1
Info (12021): Found 1 design units, including 1 entities, in source file verilog/5/cpu.v
    Info (12023): Found entity 1: CPU File: C:/Users/cjmik/OneDrive/Documents/GitHub/verilog2tetris/verilog/5/CPU.v Line: 1
Info (12021): Found 1 design units, including 1 entities, in source file verilog/4/rom_small.v
    Info (12023): Found entity 1: ROM_small File: C:/Users/cjmik/OneDrive/Documents/GitHub/verilog2tetris/verilog/4/ROM_small.v Line: 1
Info (12021): Found 1 design units, including 1 entities, in source file verilog/3/register.v
    Info (12023): Found entity 1: Register File: C:/Users/cjmik/OneDrive/Documents/GitHub/verilog2tetris/verilog/3/Register.v Line: 1
Info (12021): Found 1 design units, including 1 entities, in source file verilog/3/ram_small.v
    Info (12023): Found entity 1: RAM_small File: C:/Users/cjmik/OneDrive/Documents/GitHub/verilog2tetris/verilog/3/RAM_small.v Line: 1
Info (12021): Found 1 design units, including 1 entities, in source file verilog/3/pc.v
    Info (12023): Found entity 1: PC File: C:/Users/cjmik/OneDrive/Documents/GitHub/verilog2tetris/verilog/3/PC.v Line: 1
Info (12021): Found 1 design units, including 1 entities, in source file verilog/2/inc16.v
    Info (12023): Found entity 1: Inc16 File: C:/Users/cjmik/OneDrive/Documents/GitHub/verilog2tetris/verilog/2/Inc16.v Line: 1
Info (12021): Found 1 design units, including 1 entities, in source file verilog/2/halfadder.v
    Info (12023): Found entity 1: HalfAdder File: C:/Users/cjmik/OneDrive/Documents/GitHub/verilog2tetris/verilog/2/HalfAdder.v Line: 1
Info (12021): Found 1 design units, including 1 entities, in source file verilog/2/fulladder.v
    Info (12023): Found entity 1: FullAdder File: C:/Users/cjmik/OneDrive/Documents/GitHub/verilog2tetris/verilog/2/FullAdder.v Line: 1
Info (12021): Found 1 design units, including 1 entities, in source file verilog/2/alu.v
    Info (12023): Found entity 1: ALU File: C:/Users/cjmik/OneDrive/Documents/GitHub/verilog2tetris/verilog/2/ALU.v Line: 1
Info (12021): Found 1 design units, including 1 entities, in source file verilog/2/add16.v
    Info (12023): Found entity 1: Add16 File: C:/Users/cjmik/OneDrive/Documents/GitHub/verilog2tetris/verilog/2/Add16.v Line: 1
Info (12021): Found 1 design units, including 1 entities, in source file verilog/1/or16.v
    Info (12023): Found entity 1: Or16 File: C:/Users/cjmik/OneDrive/Documents/GitHub/verilog2tetris/verilog/1/Or16.v Line: 1
Info (12021): Found 1 design units, including 1 entities, in source file verilog/1/or8way.v
    Info (12023): Found entity 1: Or8Way File: C:/Users/cjmik/OneDrive/Documents/GitHub/verilog2tetris/verilog/1/Or8Way.v Line: 1
Info (12021): Found 1 design units, including 1 entities, in source file verilog/1/not16.v
    Info (12023): Found entity 1: Not16 File: C:/Users/cjmik/OneDrive/Documents/GitHub/verilog2tetris/verilog/1/Not16.v Line: 1
Info (12021): Found 1 design units, including 1 entities, in source file verilog/1/mux16.v
    Info (12023): Found entity 1: Mux16 File: C:/Users/cjmik/OneDrive/Documents/GitHub/verilog2tetris/verilog/1/Mux16.v Line: 1
Info (12021): Found 1 design units, including 1 entities, in source file verilog/1/mux8way16.v
    Info (12023): Found entity 1: Mux8Way16 File: C:/Users/cjmik/OneDrive/Documents/GitHub/verilog2tetris/verilog/1/Mux8Way16.v Line: 1
Info (12021): Found 1 design units, including 1 entities, in source file verilog/1/mux4way16.v
    Info (12023): Found entity 1: Mux4Way16 File: C:/Users/cjmik/OneDrive/Documents/GitHub/verilog2tetris/verilog/1/Mux4Way16.v Line: 1
Warning (12090): Entity "Mux" obtained from "verilog/1/Mux.v" instead of from Quartus Prime megafunction library File: C:/Users/cjmik/OneDrive/Documents/GitHub/verilog2tetris/verilog/1/Mux.v Line: 1
Info (12021): Found 1 design units, including 1 entities, in source file verilog/1/mux.v
    Info (12023): Found entity 1: Mux File: C:/Users/cjmik/OneDrive/Documents/GitHub/verilog2tetris/verilog/1/Mux.v Line: 1
Info (12021): Found 1 design units, including 1 entities, in source file verilog/1/dmux8way.v
    Info (12023): Found entity 1: DMux8Way File: C:/Users/cjmik/OneDrive/Documents/GitHub/verilog2tetris/verilog/1/DMux8Way.v Line: 1
Info (12021): Found 1 design units, including 1 entities, in source file verilog/1/dmux4way.v
    Info (12023): Found entity 1: DMux4Way File: C:/Users/cjmik/OneDrive/Documents/GitHub/verilog2tetris/verilog/1/DMux4Way.v Line: 1
Info (12021): Found 1 design units, including 1 entities, in source file verilog/1/dmux.v
    Info (12023): Found entity 1: DMux File: C:/Users/cjmik/OneDrive/Documents/GitHub/verilog2tetris/verilog/1/DMux.v Line: 1
Info (12021): Found 1 design units, including 1 entities, in source file verilog/1/and16.v
    Info (12023): Found entity 1: And16 File: C:/Users/cjmik/OneDrive/Documents/GitHub/verilog2tetris/verilog/1/And16.v Line: 1
Info (12021): Found 1 design units, including 1 entities, in source file clk_divider.v
    Info (12023): Found entity 1: clk_divider File: C:/Users/cjmik/OneDrive/Documents/GitHub/verilog2tetris/clk_divider.v Line: 1
Info (12127): Elaborating entity "verilog2tetris" for the top level hierarchy
Info (12128): Elaborating entity "clk_divider" for hierarchy "clk_divider:_clk_divider" File: C:/Users/cjmik/OneDrive/Documents/GitHub/verilog2tetris/verilog2tetris.v Line: 12
Warning (10230): Verilog HDL assignment warning at clk_divider.v(13): truncated value with size 32 to match size of target (25) File: C:/Users/cjmik/OneDrive/Documents/GitHub/verilog2tetris/clk_divider.v Line: 13
Info (12128): Elaborating entity "HackComputer" for hierarchy "HackComputer:_HackComputer" File: C:/Users/cjmik/OneDrive/Documents/GitHub/verilog2tetris/verilog2tetris.v Line: 19
Info (12128): Elaborating entity "CPU" for hierarchy "HackComputer:_HackComputer|CPU:_CPU" File: C:/Users/cjmik/OneDrive/Documents/GitHub/verilog2tetris/verilog/5/HackComputer.v Line: 22
Info (12128): Elaborating entity "Mux16" for hierarchy "HackComputer:_HackComputer|CPU:_CPU|Mux16:_Mux16_ARegInput" File: C:/Users/cjmik/OneDrive/Documents/GitHub/verilog2tetris/verilog/5/CPU.v Line: 25
Info (12128): Elaborating entity "Register" for hierarchy "HackComputer:_HackComputer|CPU:_CPU|Register:_ARegsiter" File: C:/Users/cjmik/OneDrive/Documents/GitHub/verilog2tetris/verilog/5/CPU.v Line: 32
Info (12128): Elaborating entity "ALU" for hierarchy "HackComputer:_HackComputer|CPU:_CPU|ALU:_ALU" File: C:/Users/cjmik/OneDrive/Documents/GitHub/verilog2tetris/verilog/5/CPU.v Line: 68
Info (12128): Elaborating entity "Not16" for hierarchy "HackComputer:_HackComputer|CPU:_CPU|ALU:_ALU|Not16:_Not16_0" File: C:/Users/cjmik/OneDrive/Documents/GitHub/verilog2tetris/verilog/2/ALU.v Line: 37
Info (12128): Elaborating entity "Add16" for hierarchy "HackComputer:_HackComputer|CPU:_CPU|ALU:_ALU|Add16:_Add16" File: C:/Users/cjmik/OneDrive/Documents/GitHub/verilog2tetris/verilog/2/ALU.v Line: 67
Info (12128): Elaborating entity "FullAdder" for hierarchy "HackComputer:_HackComputer|CPU:_CPU|ALU:_ALU|Add16:_Add16|FullAdder:_FullAdder_0" File: C:/Users/cjmik/OneDrive/Documents/GitHub/verilog2tetris/verilog/2/Add16.v Line: 16
Info (12128): Elaborating entity "HalfAdder" for hierarchy "HackComputer:_HackComputer|CPU:_CPU|ALU:_ALU|Add16:_Add16|FullAdder:_FullAdder_0|HalfAdder:_HalfAdder_A" File: C:/Users/cjmik/OneDrive/Documents/GitHub/verilog2tetris/verilog/2/FullAdder.v Line: 15
Info (12128): Elaborating entity "And16" for hierarchy "HackComputer:_HackComputer|CPU:_CPU|ALU:_ALU|And16:_And16" File: C:/Users/cjmik/OneDrive/Documents/GitHub/verilog2tetris/verilog/2/ALU.v Line: 74
Info (12128): Elaborating entity "Or8Way" for hierarchy "HackComputer:_HackComputer|CPU:_CPU|ALU:_ALU|Or8Way:_Or8Way_0" File: C:/Users/cjmik/OneDrive/Documents/GitHub/verilog2tetris/verilog/2/ALU.v Line: 113
Info (12128): Elaborating entity "PC" for hierarchy "HackComputer:_HackComputer|CPU:_CPU|PC:_PC" File: C:/Users/cjmik/OneDrive/Documents/GitHub/verilog2tetris/verilog/5/CPU.v Line: 91
Info (12128): Elaborating entity "Inc16" for hierarchy "HackComputer:_HackComputer|CPU:_CPU|PC:_PC|Inc16:_Inc16" File: C:/Users/cjmik/OneDrive/Documents/GitHub/verilog2tetris/verilog/3/PC.v Line: 16
Info (12128): Elaborating entity "ROM_small" for hierarchy "HackComputer:_HackComputer|ROM_small:_ROM_small" File: C:/Users/cjmik/OneDrive/Documents/GitHub/verilog2tetris/verilog/5/HackComputer.v Line: 31
Warning (10030): Net "memory.data_a" at ROM_small.v(7) has no driver or initial value, using a default initial value '0' File: C:/Users/cjmik/OneDrive/Documents/GitHub/verilog2tetris/verilog/4/ROM_small.v Line: 7
Warning (10030): Net "memory.waddr_a" at ROM_small.v(7) has no driver or initial value, using a default initial value '0' File: C:/Users/cjmik/OneDrive/Documents/GitHub/verilog2tetris/verilog/4/ROM_small.v Line: 7
Warning (10030): Net "memory.we_a" at ROM_small.v(7) has no driver or initial value, using a default initial value '0' File: C:/Users/cjmik/OneDrive/Documents/GitHub/verilog2tetris/verilog/4/ROM_small.v Line: 7
Info (12128): Elaborating entity "RAM_small" for hierarchy "HackComputer:_HackComputer|RAM_small:_RAM_small" File: C:/Users/cjmik/OneDrive/Documents/GitHub/verilog2tetris/verilog/5/HackComputer.v Line: 44
Info (12128): Elaborating entity "altsyncram" for hierarchy "HackComputer:_HackComputer|RAM_small:_RAM_small|altsyncram:memory[0][15]__1"
Info (12130): Elaborated megafunction instantiation "HackComputer:_HackComputer|RAM_small:_RAM_small|altsyncram:memory[0][15]__1"
Info (12133): Instantiated megafunction "HackComputer:_HackComputer|RAM_small:_RAM_small|altsyncram:memory[0][15]__1" with the following parameter:
    Info (12134): Parameter "OPERATION_MODE" = "SINGLE_PORT"
    Info (12134): Parameter "WIDTH_A" = "16"
    Info (12134): Parameter "WIDTHAD_A" = "4"
    Info (12134): Parameter "NUMWORDS_A" = "16"
    Info (12134): Parameter "OUTDATA_REG_A" = "UNREGISTERED"
    Info (12134): Parameter "ADDRESS_ACLR_A" = "NONE"
    Info (12134): Parameter "OUTDATA_ACLR_A" = "NONE"
    Info (12134): Parameter "READ_DURING_WRITE_MODE_PORT_A" = "OLD_DATA"
    Info (12134): Parameter "INDATA_ACLR_A" = "NONE"
    Info (12134): Parameter "WRCONTROL_ACLR_A" = "NONE"
Info (12021): Found 1 design units, including 1 entities, in source file db/altsyncram_3c81.tdf
    Info (12023): Found entity 1: altsyncram_3c81 File: C:/Users/cjmik/OneDrive/Documents/GitHub/verilog2tetris/db/altsyncram_3c81.tdf Line: 28
Info (12128): Elaborating entity "altsyncram_3c81" for hierarchy "HackComputer:_HackComputer|RAM_small:_RAM_small|altsyncram:memory[0][15]__1|altsyncram_3c81:auto_generated" File: c:/intelfpga_lite/20.1/quartus/libraries/megafunctions/altsyncram.tdf Line: 792
Info (276014): Found 1 instances of uninferred RAM logic
    Info (276004): RAM logic "HackComputer:_HackComputer|ROM_small:_ROM_small|memory" is uninferred due to inappropriate RAM size File: C:/Users/cjmik/OneDrive/Documents/GitHub/verilog2tetris/verilog/4/ROM_small.v Line: 7
Warning (12241): 1 hierarchies have connectivity warnings - see the Connectivity Checks report folder
Info (286030): Timing-Driven Synthesis is running
Info (16010): Generating hard_block partition "hard_block:auto_generated_inst"
    Info (16011): Adding 0 node(s), including 0 DDIO, 0 PLL, 0 transceiver and 0 LCELL
Warning (21074): Design contains 1 input pin(s) that do not drive logic
    Warning (15610): No output dependent on input pin "key" File: C:/Users/cjmik/OneDrive/Documents/GitHub/verilog2tetris/verilog2tetris.v Line: 4
Info (21057): Implemented 217 device resources after synthesis - the final resource count might be different
    Info (21058): Implemented 3 input pins
    Info (21059): Implemented 3 output pins
    Info (21061): Implemented 195 logic cells
    Info (21064): Implemented 16 RAM segments
Info: Quartus Prime Analysis & Synthesis was successful. 0 errors, 9 warnings
    Info: Peak virtual memory: 4838 megabytes
    Info: Processing ended: Tue May 07 12:41:33 2024
    Info: Elapsed time: 00:00:13
    Info: Total CPU time (on all processors): 00:00:39


